2020-10-21 21:21:07.667  INFO 14412 --- [restartedMain] c.c.c.ConfigServicePropertySourceLocator : Fetching config from server at : http://192.180.4.15:8888
2020-10-21 21:21:11.115  INFO 14412 --- [restartedMain] c.c.c.ConfigServicePropertySourceLocator : Located environment: name=aarprov-edi-microservice-production, profiles=[default], label=null, version=cc2360ea1f32965becec29408996fc4cb69eeb15, state=null
2020-10-21 21:21:11.117  INFO 14412 --- [restartedMain] b.c.PropertySourceBootstrapConfiguration : Located property source: [BootstrapPropertySource {name='bootstrapProperties-configClient'}, BootstrapPropertySource {name='bootstrapProperties-http://192.180.3.23/integ-microservices/microservice-cofigurations.git/aarprov-edi-microservice-production.properties'}]
2020-10-21 21:21:11.203  INFO 14412 --- [restartedMain] com.smart.integ.Application              : The following profiles are active: default
2020-10-21 21:21:12.747  INFO 14412 --- [restartedMain] .s.d.r.c.RepositoryConfigurationDelegate : Bootstrapping Spring Data JPA repositories in DEFAULT mode.
2020-10-21 21:21:12.771  INFO 14412 --- [restartedMain] .s.d.r.c.RepositoryConfigurationDelegate : Finished Spring Data repository scanning in 10ms. Found 0 JPA repository interfaces.
2020-10-21 21:21:12.772  INFO 14412 --- [restartedMain] .s.d.r.c.RepositoryConfigurationDelegate : Bootstrapping Spring Data JPA repositories in DEFAULT mode.
2020-10-21 21:21:12.774  INFO 14412 --- [restartedMain] .s.d.r.c.RepositoryConfigurationDelegate : Finished Spring Data repository scanning in 0ms. Found 0 JPA repository interfaces.
2020-10-21 21:21:12.774  INFO 14412 --- [restartedMain] .s.d.r.c.RepositoryConfigurationDelegate : Bootstrapping Spring Data JPA repositories in DEFAULT mode.
2020-10-21 21:21:12.776  INFO 14412 --- [restartedMain] .s.d.r.c.RepositoryConfigurationDelegate : Finished Spring Data repository scanning in 1ms. Found 0 JPA repository interfaces.
2020-10-21 21:21:13.836  WARN 14412 --- [restartedMain] o.s.boot.actuate.endpoint.EndpointId     : Endpoint ID 'service-registry' contains invalid characters, please migrate to a valid format.
2020-10-21 21:21:14.160  INFO 14412 --- [restartedMain] o.s.cloud.context.scope.GenericScope     : BeanFactory id=e5770430-27d8-385d-852b-7d34f6de4c8e
2020-10-21 21:21:14.725  INFO 14412 --- [restartedMain] trationDelegate$BeanPostProcessorChecker : Bean 'org.springframework.transaction.annotation.ProxyTransactionManagementConfiguration' of type [org.springframework.transaction.annotation.ProxyTransactionManagementConfiguration] is not eligible for getting processed by all BeanPostProcessors (for example: not eligible for auto-proxying)
2020-10-21 21:21:16.657  INFO 14412 --- [restartedMain] o.s.b.w.embedded.tomcat.TomcatWebServer  : Tomcat initialized with port(s): 7001 (http)
2020-10-21 21:21:16.686  INFO 14412 --- [restartedMain] o.apache.catalina.core.StandardService   : Starting service [Tomcat]
2020-10-21 21:21:16.687  INFO 14412 --- [restartedMain] org.apache.catalina.core.StandardEngine  : Starting Servlet engine: [Apache Tomcat/9.0.29]
2020-10-21 21:21:16.993  INFO 14412 --- [restartedMain] o.a.c.c.C.[Tomcat].[localhost].[/]       : Initializing Spring embedded WebApplicationContext
2020-10-21 21:21:16.994  INFO 14412 --- [restartedMain] o.s.web.context.ContextLoader            : Root WebApplicationContext: initialization completed in 5752 ms
2020-10-21 21:21:17.291  WARN 14412 --- [restartedMain] c.n.c.sources.URLConfigurationSource     : No URLs will be polled as dynamic configuration sources.
2020-10-21 21:21:17.292  INFO 14412 --- [restartedMain] c.n.c.sources.URLConfigurationSource     : To enable URLs as dynamic configuration sources, define System property archaius.configurationSource.additionalUrls or make config.properties available on classpath.
2020-10-21 21:21:17.319  INFO 14412 --- [restartedMain] c.netflix.config.DynamicPropertyFactory  : DynamicPropertyFactory is initialized with configuration sources: com.netflix.config.ConcurrentCompositeConfiguration@76bf632a
2020-10-21 21:21:19.484  INFO 14412 --- [restartedMain] o.hibernate.jpa.internal.util.LogHelper  : HHH000204: Processing PersistenceUnitInfo [name: aar]
2020-10-21 21:21:19.648  INFO 14412 --- [restartedMain] org.hibernate.Version                    : HHH000412: Hibernate Core {5.4.9.Final}
2020-10-21 21:21:19.918  INFO 14412 --- [restartedMain] o.hibernate.annotations.common.Version   : HCANN000001: Hibernate Commons Annotations {5.1.0.Final}
2020-10-21 21:21:20.252  INFO 14412 --- [restartedMain] com.zaxxer.hikari.HikariDataSource       : HikariPool-1 - Starting...
2020-10-21 21:21:21.371  INFO 14412 --- [restartedMain] com.zaxxer.hikari.pool.PoolBase          : HikariPool-1 - Driver does not support get/set network timeout for connections. (This operation is not supported.)
2020-10-21 21:21:21.488  INFO 14412 --- [restartedMain] com.zaxxer.hikari.HikariDataSource       : HikariPool-1 - Start completed.
2020-10-21 21:21:21.513  INFO 14412 --- [restartedMain] org.hibernate.dialect.Dialect            : HHH000400: Using dialect: org.hibernate.dialect.Oracle10gDialect
2020-10-21 21:21:21.898 ERROR 14412 --- [restartedMain] o.h.e.j.e.internal.JdbcEnvironmentImpl   : Could not fetch the SequenceInformation from the database

com.microsoft.sqlserver.jdbc.SQLServerException: Invalid object name 'all_sequences'.
	at com.microsoft.sqlserver.jdbc.SQLServerException.makeFromDatabaseError(SQLServerException.java:232) ~[mssql-jdbc-6.1.0.jre8.jar:na]
	at com.microsoft.sqlserver.jdbc.SQLServerStatement.getNextResult(SQLServerStatement.java:1672) ~[mssql-jdbc-6.1.0.jre8.jar:na]
	at com.microsoft.sqlserver.jdbc.SQLServerStatement.doExecuteStatement(SQLServerStatement.java:903) ~[mssql-jdbc-6.1.0.jre8.jar:na]
	at com.microsoft.sqlserver.jdbc.SQLServerStatement$StmtExecCmd.doExecute(SQLServerStatement.java:796) ~[mssql-jdbc-6.1.0.jre8.jar:na]
	at com.microsoft.sqlserver.jdbc.TDSCommand.execute(IOBuffer.java:7535) ~[mssql-jdbc-6.1.0.jre8.jar:na]
	at com.microsoft.sqlserver.jdbc.SQLServerConnection.executeCommand(SQLServerConnection.java:2438) ~[mssql-jdbc-6.1.0.jre8.jar:na]
	at com.microsoft.sqlserver.jdbc.SQLServerStatement.executeCommand(SQLServerStatement.java:208) ~[mssql-jdbc-6.1.0.jre8.jar:na]
	at com.microsoft.sqlserver.jdbc.SQLServerStatement.executeStatement(SQLServerStatement.java:183) ~[mssql-jdbc-6.1.0.jre8.jar:na]
	at com.microsoft.sqlserver.jdbc.SQLServerStatement.executeQuery(SQLServerStatement.java:695) ~[mssql-jdbc-6.1.0.jre8.jar:na]
	at com.zaxxer.hikari.pool.ProxyStatement.executeQuery(ProxyStatement.java:111) ~[HikariCP-3.4.1.jar:na]
	at com.zaxxer.hikari.pool.HikariProxyStatement.executeQuery(HikariProxyStatement.java) ~[HikariCP-3.4.1.jar:na]
	at org.hibernate.tool.schema.extract.internal.SequenceInformationExtractorLegacyImpl.extractMetadata(SequenceInformationExtractorLegacyImpl.java:42) ~[hibernate-core-5.4.9.Final.jar:5.4.9.Final]
	at org.hibernate.engine.jdbc.env.internal.JdbcEnvironmentImpl.sequenceInformationList(JdbcEnvironmentImpl.java:403) ~[hibernate-core-5.4.9.Final.jar:5.4.9.Final]
	at org.hibernate.engine.jdbc.env.internal.JdbcEnvironmentImpl.<init>(JdbcEnvironmentImpl.java:268) ~[hibernate-core-5.4.9.Final.jar:5.4.9.Final]
	at org.hibernate.engine.jdbc.env.internal.JdbcEnvironmentInitiator.initiateService(JdbcEnvironmentInitiator.java:114) ~[hibernate-core-5.4.9.Final.jar:5.4.9.Final]
	at org.hibernate.engine.jdbc.env.internal.JdbcEnvironmentInitiator.initiateService(JdbcEnvironmentInitiator.java:35) ~[hibernate-core-5.4.9.Final.jar:5.4.9.Final]
	at org.hibernate.boot.registry.internal.StandardServiceRegistryImpl.initiateService(StandardServiceRegistryImpl.java:101) ~[hibernate-core-5.4.9.Final.jar:5.4.9.Final]
	at org.hibernate.service.internal.AbstractServiceRegistryImpl.createService(AbstractServiceRegistryImpl.java:263) ~[hibernate-core-5.4.9.Final.jar:5.4.9.Final]
	at org.hibernate.service.internal.AbstractServiceRegistryImpl.initializeService(AbstractServiceRegistryImpl.java:237) ~[hibernate-core-5.4.9.Final.jar:5.4.9.Final]
	at org.hibernate.service.internal.AbstractServiceRegistryImpl.getService(AbstractServiceRegistryImpl.java:214) ~[hibernate-core-5.4.9.Final.jar:5.4.9.Final]
	at org.hibernate.id.factory.internal.DefaultIdentifierGeneratorFactory.injectServices(DefaultIdentifierGeneratorFactory.java:152) ~[hibernate-core-5.4.9.Final.jar:5.4.9.Final]
	at org.hibernate.service.internal.AbstractServiceRegistryImpl.injectDependencies(AbstractServiceRegistryImpl.java:286) ~[hibernate-core-5.4.9.Final.jar:5.4.9.Final]
	at org.hibernate.service.internal.AbstractServiceRegistryImpl.initializeService(AbstractServiceRegistryImpl.java:243) ~[hibernate-core-5.4.9.Final.jar:5.4.9.Final]
	at org.hibernate.service.internal.AbstractServiceRegistryImpl.getService(AbstractServiceRegistryImpl.java:214) ~[hibernate-core-5.4.9.Final.jar:5.4.9.Final]
	at org.hibernate.boot.internal.InFlightMetadataCollectorImpl.<init>(InFlightMetadataCollectorImpl.java:175) ~[hibernate-core-5.4.9.Final.jar:5.4.9.Final]
	at org.hibernate.boot.model.process.spi.MetadataBuildingProcess.complete(MetadataBuildingProcess.java:118) ~[hibernate-core-5.4.9.Final.jar:5.4.9.Final]
	at org.hibernate.jpa.boot.internal.EntityManagerFactoryBuilderImpl.metadata(EntityManagerFactoryBuilderImpl.java:1202) ~[hibernate-core-5.4.9.Final.jar:5.4.9.Final]
	at org.hibernate.jpa.boot.internal.EntityManagerFactoryBuilderImpl.build(EntityManagerFactoryBuilderImpl.java:1233) ~[hibernate-core-5.4.9.Final.jar:5.4.9.Final]
	at org.springframework.orm.jpa.vendor.SpringHibernateJpaPersistenceProvider.createContainerEntityManagerFactory(SpringHibernateJpaPersistenceProvider.java:58) ~[spring-orm-5.2.2.RELEASE.jar:5.2.2.RELEASE]
	at org.springframework.orm.jpa.LocalContainerEntityManagerFactoryBean.createNativeEntityManagerFactory(LocalContainerEntityManagerFactoryBean.java:365) ~[spring-orm-5.2.2.RELEASE.jar:5.2.2.RELEASE]
	at org.springframework.orm.jpa.AbstractEntityManagerFactoryBean.buildNativeEntityManagerFactory(AbstractEntityManagerFactoryBean.java:391) ~[spring-orm-5.2.2.RELEASE.jar:5.2.2.RELEASE]
	at org.springframework.orm.jpa.AbstractEntityManagerFactoryBean.afterPropertiesSet(AbstractEntityManagerFactoryBean.java:378) ~[spring-orm-5.2.2.RELEASE.jar:5.2.2.RELEASE]
	at org.springframework.orm.jpa.LocalContainerEntityManagerFactoryBean.afterPropertiesSet(LocalContainerEntityManagerFactoryBean.java:341) ~[spring-orm-5.2.2.RELEASE.jar:5.2.2.RELEASE]
	at org.springframework.beans.factory.support.AbstractAutowireCapableBeanFactory.invokeInitMethods(AbstractAutowireCapableBeanFactory.java:1855) ~[spring-beans-5.2.2.RELEASE.jar:5.2.2.RELEASE]
	at org.springframework.beans.factory.support.AbstractAutowireCapableBeanFactory.initializeBean(AbstractAutowireCapableBeanFactory.java:1792) ~[spring-beans-5.2.2.RELEASE.jar:5.2.2.RELEASE]
	at org.springframework.beans.factory.support.AbstractAutowireCapableBeanFactory.doCreateBean(AbstractAutowireCapableBeanFactory.java:595) ~[spring-beans-5.2.2.RELEASE.jar:5.2.2.RELEASE]
	at org.springframework.beans.factory.support.AbstractAutowireCapableBeanFactory.createBean(AbstractAutowireCapableBeanFactory.java:517) ~[spring-beans-5.2.2.RELEASE.jar:5.2.2.RELEASE]
	at org.springframework.beans.factory.support.AbstractBeanFactory.lambda$doGetBean$0(AbstractBeanFactory.java:323) ~[spring-beans-5.2.2.RELEASE.jar:5.2.2.RELEASE]
	at org.springframework.beans.factory.support.DefaultSingletonBeanRegistry.getSingleton(DefaultSingletonBeanRegistry.java:222) ~[spring-beans-5.2.2.RELEASE.jar:5.2.2.RELEASE]
	at org.springframework.beans.factory.support.AbstractBeanFactory.doGetBean(AbstractBeanFactory.java:321) ~[spring-beans-5.2.2.RELEASE.jar:5.2.2.RELEASE]
	at org.springframework.beans.factory.support.AbstractBeanFactory.getBean(AbstractBeanFactory.java:202) ~[spring-beans-5.2.2.RELEASE.jar:5.2.2.RELEASE]
	at org.springframework.context.support.AbstractApplicationContext.getBean(AbstractApplicationContext.java:1108) ~[spring-context-5.2.2.RELEASE.jar:5.2.2.RELEASE]
	at org.springframework.context.support.AbstractApplicationContext.finishBeanFactoryInitialization(AbstractApplicationContext.java:868) ~[spring-context-5.2.2.RELEASE.jar:5.2.2.RELEASE]
	at org.springframework.context.support.AbstractApplicationContext.refresh(AbstractApplicationContext.java:550) ~[spring-context-5.2.2.RELEASE.jar:5.2.2.RELEASE]
	at org.springframework.boot.web.servlet.context.ServletWebServerApplicationContext.refresh(ServletWebServerApplicationContext.java:141) ~[spring-boot-2.2.2.RELEASE.jar:2.2.2.RELEASE]
	at org.springframework.boot.SpringApplication.refresh(SpringApplication.java:747) ~[spring-boot-2.2.2.RELEASE.jar:2.2.2.RELEASE]
	at org.springframework.boot.SpringApplication.refreshContext(SpringApplication.java:397) ~[spring-boot-2.2.2.RELEASE.jar:2.2.2.RELEASE]
	at org.springframework.boot.SpringApplication.run(SpringApplication.java:315) ~[spring-boot-2.2.2.RELEASE.jar:2.2.2.RELEASE]
	at org.springframework.boot.SpringApplication.run(SpringApplication.java:1226) ~[spring-boot-2.2.2.RELEASE.jar:2.2.2.RELEASE]
	at org.springframework.boot.SpringApplication.run(SpringApplication.java:1215) ~[spring-boot-2.2.2.RELEASE.jar:2.2.2.RELEASE]
	at com.smart.integ.Application.main(Application.java:25) ~[classes/:na]
	at java.base/jdk.internal.reflect.NativeMethodAccessorImpl.invoke0(Native Method) ~[na:na]
	at java.base/jdk.internal.reflect.NativeMethodAccessorImpl.invoke(NativeMethodAccessorImpl.java:64) ~[na:na]
	at java.base/jdk.internal.reflect.DelegatingMethodAccessorImpl.invoke(DelegatingMethodAccessorImpl.java:43) ~[na:na]
	at java.base/java.lang.reflect.Method.invoke(Method.java:564) ~[na:na]
	at org.springframework.boot.devtools.restart.RestartLauncher.run(RestartLauncher.java:49) ~[spring-boot-devtools-2.2.2.RELEASE.jar:2.2.2.RELEASE]

2020-10-21 21:21:22.377  INFO 14412 --- [restartedMain] o.h.e.t.j.p.i.JtaPlatformInitiator       : HHH000490: Using JtaPlatform implementation: [org.hibernate.engine.transaction.jta.platform.internal.NoJtaPlatform]
2020-10-21 21:21:22.391  INFO 14412 --- [restartedMain] j.LocalContainerEntityManagerFactoryBean : Initialized JPA EntityManagerFactory for persistence unit 'aar'
2020-10-21 21:21:22.412  INFO 14412 --- [restartedMain] o.hibernate.jpa.internal.util.LogHelper  : HHH000204: Processing PersistenceUnitInfo [name: abacus]
2020-10-21 21:21:22.487  INFO 14412 --- [restartedMain] com.zaxxer.hikari.HikariDataSource       : HikariPool-2 - Starting...
2020-10-21 21:21:22.488  WARN 14412 --- [restartedMain] com.zaxxer.hikari.util.DriverDataSource  : Registered driver with driverClassName=oracle.jdbc.driver.OracleDriver was not found, trying direct instantiation.
2020-10-21 21:21:25.397  INFO 14412 --- [restartedMain] com.zaxxer.hikari.pool.PoolBase          : HikariPool-2 - Driver does not support get/set network timeout for connections. (Receiver class oracle.jdbc.driver.T4CConnection does not define or inherit an implementation of the resolved method 'abstract int getNetworkTimeout()' of interface java.sql.Connection.)
2020-10-21 21:21:25.552  INFO 14412 --- [restartedMain] com.zaxxer.hikari.HikariDataSource       : HikariPool-2 - Start completed.
2020-10-21 21:21:25.554  INFO 14412 --- [restartedMain] org.hibernate.dialect.Dialect            : HHH000400: Using dialect: org.hibernate.dialect.Oracle10gDialect
2020-10-21 21:21:37.049  INFO 14412 --- [restartedMain] o.h.e.t.j.p.i.JtaPlatformInitiator       : HHH000490: Using JtaPlatform implementation: [org.hibernate.engine.transaction.jta.platform.internal.NoJtaPlatform]
2020-10-21 21:21:37.050  INFO 14412 --- [restartedMain] j.LocalContainerEntityManagerFactoryBean : Initialized JPA EntityManagerFactory for persistence unit 'abacus'
2020-10-21 21:21:37.055  INFO 14412 --- [restartedMain] o.hibernate.jpa.internal.util.LogHelper  : HHH000204: Processing PersistenceUnitInfo [name: integ]
2020-10-21 21:21:37.134  INFO 14412 --- [restartedMain] com.zaxxer.hikari.HikariDataSource       : HikariPool-3 - Starting...
2020-10-21 21:21:37.135  WARN 14412 --- [restartedMain] com.zaxxer.hikari.util.DriverDataSource  : Registered driver with driverClassName=oracle.jdbc.driver.OracleDriver was not found, trying direct instantiation.
2020-10-21 21:21:38.852  INFO 14412 --- [restartedMain] com.zaxxer.hikari.pool.PoolBase          : HikariPool-3 - Driver does not support get/set network timeout for connections. (Receiver class oracle.jdbc.driver.T4CConnection does not define or inherit an implementation of the resolved method 'abstract int getNetworkTimeout()' of interface java.sql.Connection.)
2020-10-21 21:21:39.048  INFO 14412 --- [restartedMain] com.zaxxer.hikari.HikariDataSource       : HikariPool-3 - Start completed.
2020-10-21 21:21:39.049  INFO 14412 --- [restartedMain] org.hibernate.dialect.Dialect            : HHH000400: Using dialect: org.hibernate.dialect.Oracle10gDialect
2020-10-21 21:21:45.226  INFO 14412 --- [restartedMain] o.h.e.t.j.p.i.JtaPlatformInitiator       : HHH000490: Using JtaPlatform implementation: [org.hibernate.engine.transaction.jta.platform.internal.NoJtaPlatform]
2020-10-21 21:21:45.226  INFO 14412 --- [restartedMain] j.LocalContainerEntityManagerFactoryBean : Initialized JPA EntityManagerFactory for persistence unit 'integ'
2020-10-21 21:21:46.181  WARN 14412 --- [restartedMain] c.n.c.sources.URLConfigurationSource     : No URLs will be polled as dynamic configuration sources.
2020-10-21 21:21:46.182  INFO 14412 --- [restartedMain] c.n.c.sources.URLConfigurationSource     : To enable URLs as dynamic configuration sources, define System property archaius.configurationSource.additionalUrls or make config.properties available on classpath.
2020-10-21 21:21:46.308  WARN 14412 --- [restartedMain] JpaBaseConfiguration$JpaWebConfiguration : spring.jpa.open-in-view is enabled by default. Therefore, database queries may be performed during view rendering. Explicitly configure spring.jpa.open-in-view to disable this warning
2020-10-21 21:21:46.567  INFO 14412 --- [restartedMain] o.s.s.concurrent.ThreadPoolTaskExecutor  : Initializing ExecutorService 'applicationTaskExecutor'
2020-10-21 21:21:47.170  INFO 14412 --- [restartedMain] o.s.s.c.ThreadPoolTaskScheduler          : Initializing ExecutorService 'taskScheduler'
2020-10-21 21:21:47.231  INFO 14412 --- [restartedMain] o.s.b.d.a.OptionalLiveReloadServer       : LiveReload server is running on port 35729
2020-10-21 21:21:47.800  WARN 14412 --- [restartedMain] iguration$LoadBalancerCaffeineWarnLogger : Spring Cloud LoadBalancer is currently working with default default cache. You can switch to using Caffeine cache, by adding it to the classpath.
2020-10-21 21:21:47.847  INFO 14412 --- [restartedMain] o.s.b.a.e.web.EndpointLinksResolver      : Exposing 19 endpoint(s) beneath base path '/actuator'
2020-10-21 21:21:47.972  INFO 14412 --- [restartedMain] o.s.c.n.eureka.InstanceInfoFactory       : Setting initial instance status as: STARTING
2020-10-21 21:21:48.081  INFO 14412 --- [restartedMain] com.netflix.discovery.DiscoveryClient    : Initializing Eureka in region us-east-1
2020-10-21 21:21:48.236  INFO 14412 --- [restartedMain] c.n.d.provider.DiscoveryJerseyProvider   : Using JSON encoding codec LegacyJacksonJson
2020-10-21 21:21:48.236  INFO 14412 --- [restartedMain] c.n.d.provider.DiscoveryJerseyProvider   : Using JSON decoding codec LegacyJacksonJson
2020-10-21 21:21:48.755  INFO 14412 --- [restartedMain] c.n.d.provider.DiscoveryJerseyProvider   : Using XML encoding codec XStreamXml
2020-10-21 21:21:48.756  INFO 14412 --- [restartedMain] c.n.d.provider.DiscoveryJerseyProvider   : Using XML decoding codec XStreamXml
2020-10-21 21:21:49.189  INFO 14412 --- [restartedMain] c.n.d.s.r.aws.ConfigClusterResolver      : Resolving eureka endpoints via configuration
2020-10-21 21:21:49.273  INFO 14412 --- [restartedMain] com.netflix.discovery.DiscoveryClient    : Disable delta property : false
2020-10-21 21:21:49.274  INFO 14412 --- [restartedMain] com.netflix.discovery.DiscoveryClient    : Single vip registry refresh property : null
2020-10-21 21:21:49.274  INFO 14412 --- [restartedMain] com.netflix.discovery.DiscoveryClient    : Force full registry fetch : false
2020-10-21 21:21:49.275  INFO 14412 --- [restartedMain] com.netflix.discovery.DiscoveryClient    : Application is null : false
2020-10-21 21:21:49.276  INFO 14412 --- [restartedMain] com.netflix.discovery.DiscoveryClient    : Registered Applications size is zero : true
2020-10-21 21:21:49.276  INFO 14412 --- [restartedMain] com.netflix.discovery.DiscoveryClient    : Application version is -1: true
2020-10-21 21:21:49.276  INFO 14412 --- [restartedMain] com.netflix.discovery.DiscoveryClient    : Getting all instance registry info from the eureka server
2020-10-21 21:21:49.604  INFO 14412 --- [restartedMain] com.netflix.discovery.DiscoveryClient    : The response status is 200
2020-10-21 21:21:49.609  INFO 14412 --- [restartedMain] com.netflix.discovery.DiscoveryClient    : Starting heartbeat executor: renew interval is: 30
2020-10-21 21:21:49.619  INFO 14412 --- [restartedMain] c.n.discovery.InstanceInfoReplicator     : InstanceInfoReplicator onDemand update allowed rate per min is 4
2020-10-21 21:21:49.625  INFO 14412 --- [restartedMain] com.netflix.discovery.DiscoveryClient    : Discovery Client initialized at timestamp 1603340509623 with initial instances count: 8
2020-10-21 21:21:49.631  INFO 14412 --- [restartedMain] o.s.c.n.e.s.EurekaServiceRegistry        : Registering application INTEG-MS-AARPRO-EDI with eureka with status UP
2020-10-21 21:21:49.633  INFO 14412 --- [restartedMain] com.netflix.discovery.DiscoveryClient    : Saw local status change event StatusChangeEvent [timestamp=1603340509633, current=UP, previous=STARTING]
2020-10-21 21:21:49.646  INFO 14412 --- [DiscoveryClient-InstanceInfoReplicator-0] com.netflix.discovery.DiscoveryClient    : DiscoveryClient_INTEG-MS-AARPRO-EDI/LP-TECH-003.mshome.net:integ-ms-aarpro-edi:7001: registering service...
2020-10-21 21:21:49.819  INFO 14412 --- [scheduling-1] com.smart.integ.daemon.RenewToken        : **************************POST CLAIM TO EDI  SERVICE ACTIVATED***********************
2020-10-21 21:21:49.821  INFO 14412 --- [scheduling-1] com.smart.integ.threads.ThreadInterface  : ============================POSTING CLAIMS TO EDI=====================================
2020-10-21 21:21:49.821  INFO 14412 --- [scheduling-1] com.smart.integ.service.EDIClaimService  : ---------GETTING UNSWITCHED CLAIMS---------------
https://data.smartapplicationsgroup.com/api/v2/prod/provider/integration?country_code=KE&integ_app_code=AARPRODT6HFYU25YT3WGIYI6&prov_code=SKSP_301
2020-10-21 21:21:49.904  INFO 14412 --- [DiscoveryClient-InstanceInfoReplicator-0] com.netflix.discovery.DiscoveryClient    : DiscoveryClient_INTEG-MS-AARPRO-EDI/LP-TECH-003.mshome.net:integ-ms-aarpro-edi:7001 - registration status: 204
2020-10-21 21:21:49.902  INFO 14412 --- [restartedMain] o.s.b.w.embedded.tomcat.TomcatWebServer  : Tomcat started on port(s): 7001 (http) with context path ''
2020-10-21 21:21:49.906  INFO 14412 --- [restartedMain] .s.c.n.e.s.EurekaAutoServiceRegistration : Updating port to 7001
2020-10-21 21:21:50.279  INFO 14412 --- [scheduling-1] com.smart.integ.threads.ThreadInterface  : ================ 0 CLAIMS  FETCHED READY TO BE PROCESSED TO  EDI =======================
2020-10-21 21:21:50.280  INFO 14412 --- [scheduling-1] com.smart.integ.daemon.RenewToken        : *****************************PROVIDER CLAIMS SERVICE ACTIVATED********************************
2020-10-21 21:21:50.281  INFO 14412 --- [scheduling-1] com.smart.integ.threads.ThreadInterface  : ==========================FETCHING CLAIMS FROM THE PROVIDER=================================
2020-10-21 21:21:50.380  INFO 14412 --- [restartedMain] com.smart.integ.Application              : Started Application in 45.521 seconds (JVM running for 47.77)
2020-10-21 21:21:50.391  INFO 14412 --- [restartedMain] c.smart.integ.controller.StartupRunner   : GETTING NEW TOKEN
2020-10-21 21:21:50.392  INFO 14412 --- [restartedMain] com.smart.integ.service.TokenService     : ====================PREPARING TO GET AUTH TOKEN FROM AUTHER SERVER USING THE LINK: ======================
 https://data.smartapplicationsgroup.com/auth/integ-clients/oauth/token?client_id=a760c52c-97ee-4f31-a5bf-f0c43e4e8725&client_secret=KszCjWj8DcXTzJGKQPk_jJ-ujiw&grant_type=client_credentials 

2020-10-21 21:21:50.398  INFO 14412 --- [scheduling-1] com.smart.integ.threads.ThreadInterface  : =============== 0 CLAIMS FETCHED FROM THE PROVIDER READY TO BE DELIVERED TO SMART=========
2020-10-21 21:21:50.398  INFO 14412 --- [scheduling-1] com.smart.integ.daemon.RenewToken        : GETTING NEW TOKEN
2020-10-21 21:21:50.399  INFO 14412 --- [scheduling-1] com.smart.integ.service.TokenService     : ====================PREPARING TO GET AUTH TOKEN FROM AUTHER SERVER USING THE LINK: ======================
 https://data.smartapplicationsgroup.com/auth/integ-clients/oauth/token?client_id=a760c52c-97ee-4f31-a5bf-f0c43e4e8725&client_secret=KszCjWj8DcXTzJGKQPk_jJ-ujiw&grant_type=client_credentials 

2020-10-21 21:21:51.212  INFO 14412 --- [scheduling-1] com.smart.integ.service.TokenService     : resp token = eyJraWQiOiJkZWZhdWx0LWdyYXZpdGVlLUFNLWtleSIsImFsZyI6IkhTMjU2In0.eyJzdWIiOiJhNzYwYzUyYy05N2VlLTRmMzEtYTViZi1mMGM0M2U0ZTg3MjUiLCJhdWQiOiJhNzYwYzUyYy05N2VlLTRmMzEtYTViZi1mMGM0M2U0ZTg3MjUiLCJkb21haW4iOiJpbnRlZy1jbGllbnRzIiwiaXNzIjoiaHR0cDovL2RhdGEuc21hcnRhcHBsaWNhdGlvbnNncm91cC5jb20vaW50ZWctY2xpZW50cy9vaWRjIiwiZXhwIjoxNjAzMzQ3NzE2LCJpYXQiOjE2MDMzNDA1MTYsImp0aSI6IjVSU2NVQUhzanZNeVdYYWdIall0V1l2WjZwOCJ9.CoG8pDQxya9hYb9gDz9Mxcgd80gSEr4eLlaEzTdt7KA
2020-10-21 21:21:51.213  INFO 14412 --- [scheduling-1] com.smart.integ.daemon.RenewToken        : UPDATING TOKEN : eyJraWQiOiJkZWZhdWx0LWdyYXZpdGVlLUFNLWtleSIsImFsZyI6IkhTMjU2In0.eyJzdWIiOiJhNzYwYzUyYy05N2VlLTRmMzEtYTViZi1mMGM0M2U0ZTg3MjUiLCJhdWQiOiJhNzYwYzUyYy05N2VlLTRmMzEtYTViZi1mMGM0M2U0ZTg3MjUiLCJkb21haW4iOiJpbnRlZy1jbGllbnRzIiwiaXNzIjoiaHR0cDovL2RhdGEuc21hcnRhcHBsaWNhdGlvbnNncm91cC5jb20vaW50ZWctY2xpZW50cy9vaWRjIiwiZXhwIjoxNjAzMzQ3NzE2LCJpYXQiOjE2MDMzNDA1MTYsImp0aSI6IjVSU2NVQUhzanZNeVdYYWdIall0V1l2WjZwOCJ9.CoG8pDQxya9hYb9gDz9Mxcgd80gSEr4eLlaEzTdt7KA
2020-10-21 21:21:51.810  INFO 14412 --- [restartedMain] com.smart.integ.service.TokenService     : resp token = eyJraWQiOiJkZWZhdWx0LWdyYXZpdGVlLUFNLWtleSIsImFsZyI6IkhTMjU2In0.eyJzdWIiOiJhNzYwYzUyYy05N2VlLTRmMzEtYTViZi1mMGM0M2U0ZTg3MjUiLCJhdWQiOiJhNzYwYzUyYy05N2VlLTRmMzEtYTViZi1mMGM0M2U0ZTg3MjUiLCJkb21haW4iOiJpbnRlZy1jbGllbnRzIiwiaXNzIjoiaHR0cDovL2RhdGEuc21hcnRhcHBsaWNhdGlvbnNncm91cC5jb20vaW50ZWctY2xpZW50cy9vaWRjIiwiZXhwIjoxNjAzMzQ3NzE3LCJpYXQiOjE2MDMzNDA1MTcsImp0aSI6IjZPaGhSNGlBSlhraEFENTE2eWdrVW1RRGxiTSJ9.OE5YwAcrCJir-7EFkQzwcn3s8SeV3tQOfz7BPB5gFRY
2020-10-21 21:21:51.816  INFO 14412 --- [restartedMain] c.smart.integ.controller.StartupRunner   : UPDATING TOKEN : eyJraWQiOiJkZWZhdWx0LWdyYXZpdGVlLUFNLWtleSIsImFsZyI6IkhTMjU2In0.eyJzdWIiOiJhNzYwYzUyYy05N2VlLTRmMzEtYTViZi1mMGM0M2U0ZTg3MjUiLCJhdWQiOiJhNzYwYzUyYy05N2VlLTRmMzEtYTViZi1mMGM0M2U0ZTg3MjUiLCJkb21haW4iOiJpbnRlZy1jbGllbnRzIiwiaXNzIjoiaHR0cDovL2RhdGEuc21hcnRhcHBsaWNhdGlvbnNncm91cC5jb20vaW50ZWctY2xpZW50cy9vaWRjIiwiZXhwIjoxNjAzMzQ3NzE3LCJpYXQiOjE2MDMzNDA1MTcsImp0aSI6IjZPaGhSNGlBSlhraEFENTE2eWdrVW1RRGxiTSJ9.OE5YwAcrCJir-7EFkQzwcn3s8SeV3tQOfz7BPB5gFRY
2020-10-21 21:21:51.817  INFO 14412 --- [restartedMain] c.smart.integ.controller.StartupRunner   : *****************************PROVIDER CLAIMS SERVICE ACTIVATED********************************
2020-10-21 21:21:51.817  INFO 14412 --- [restartedMain] com.smart.integ.threads.ThreadInterface  : ==========================FETCHING CLAIMS FROM THE PROVIDER=================================
2020-10-21 21:21:52.127  INFO 14412 --- [restartedMain] com.smart.integ.threads.ThreadInterface  : =============== 0 CLAIMS FETCHED FROM THE PROVIDER READY TO BE DELIVERED TO SMART=========
2020-10-21 21:21:52.128  INFO 14412 --- [restartedMain] c.smart.integ.controller.StartupRunner   : **************************POST CLAIM TO EDI  SERVICE ACTIVATED***********************
2020-10-21 21:21:52.129  INFO 14412 --- [restartedMain] com.smart.integ.threads.ThreadInterface  : ============================POSTING CLAIMS TO EDI=====================================
2020-10-21 21:21:52.129  INFO 14412 --- [restartedMain] com.smart.integ.service.EDIClaimService  : ---------GETTING UNSWITCHED CLAIMS---------------
https://data.smartapplicationsgroup.com/api/v2/prod/provider/integration?country_code=KE&integ_app_code=AARPRODT6HFYU25YT3WGIYI6&prov_code=SKSP_301
2020-10-21 21:21:52.450  INFO 14412 --- [restartedMain] com.smart.integ.threads.ThreadInterface  : ================ 0 CLAIMS  FETCHED READY TO BE PROCESSED TO  EDI =======================
2020-10-21 21:24:48.006  INFO 14412 --- [Thread-11] o.s.c.n.e.s.EurekaServiceRegistry        : Unregistering application INTEG-MS-AARPRO-EDI with eureka with status DOWN
2020-10-21 21:24:48.007  WARN 14412 --- [Thread-11] com.netflix.discovery.DiscoveryClient    : Saw local status change event StatusChangeEvent [timestamp=1603340688007, current=DOWN, previous=UP]
2020-10-21 21:24:48.008  INFO 14412 --- [DiscoveryClient-InstanceInfoReplicator-0] com.netflix.discovery.DiscoveryClient    : DiscoveryClient_INTEG-MS-AARPRO-EDI/LP-TECH-003.mshome.net:integ-ms-aarpro-edi:7001: registering service...
2020-10-21 21:24:48.013  INFO 14412 --- [Thread-11] o.s.s.c.ThreadPoolTaskScheduler          : Shutting down ExecutorService 'taskScheduler'
2020-10-21 21:24:48.016  INFO 14412 --- [Thread-11] o.s.s.concurrent.ThreadPoolTaskExecutor  : Shutting down ExecutorService 'applicationTaskExecutor'
2020-10-21 21:24:48.019  INFO 14412 --- [Thread-11] j.LocalContainerEntityManagerFactoryBean : Closing JPA EntityManagerFactory for persistence unit 'integ'
2020-10-21 21:24:48.024  INFO 14412 --- [Thread-11] j.LocalContainerEntityManagerFactoryBean : Closing JPA EntityManagerFactory for persistence unit 'abacus'
2020-10-21 21:24:48.026  INFO 14412 --- [Thread-11] j.LocalContainerEntityManagerFactoryBean : Closing JPA EntityManagerFactory for persistence unit 'aar'
2020-10-21 21:24:48.028  INFO 14412 --- [Thread-11] com.zaxxer.hikari.HikariDataSource       : HikariPool-2 - Shutdown initiated...
2020-10-21 21:24:48.213  INFO 14412 --- [DiscoveryClient-InstanceInfoReplicator-0] com.netflix.discovery.DiscoveryClient    : DiscoveryClient_INTEG-MS-AARPRO-EDI/LP-TECH-003.mshome.net:integ-ms-aarpro-edi:7001 - registration status: 204
2020-10-21 21:24:49.036  INFO 14412 --- [Thread-11] com.zaxxer.hikari.HikariDataSource       : HikariPool-2 - Shutdown completed.
2020-10-21 21:24:49.040  INFO 14412 --- [Thread-11] com.zaxxer.hikari.HikariDataSource       : HikariPool-1 - Shutdown initiated...
2020-10-21 21:24:49.174  INFO 14412 --- [Thread-11] com.zaxxer.hikari.HikariDataSource       : HikariPool-1 - Shutdown completed.
2020-10-21 21:24:49.175  INFO 14412 --- [Thread-11] com.zaxxer.hikari.HikariDataSource       : HikariPool-3 - Shutdown initiated...
2020-10-21 21:24:50.193  INFO 14412 --- [Thread-11] com.zaxxer.hikari.HikariDataSource       : HikariPool-3 - Shutdown completed.
2020-10-21 21:24:50.196  INFO 14412 --- [Thread-11] com.netflix.discovery.DiscoveryClient    : Shutting down DiscoveryClient ...
2020-10-21 21:24:53.197  INFO 14412 --- [Thread-11] com.netflix.discovery.DiscoveryClient    : Unregistering ...
2020-10-21 21:24:53.202  WARN 14412 --- [DiscoveryClient-0] c.netflix.discovery.TimedSupervisorTask  : task supervisor shutting down, can't accept the task
2020-10-21 21:24:53.327  INFO 14412 --- [Thread-11] com.netflix.discovery.DiscoveryClient    : DiscoveryClient_INTEG-MS-AARPRO-EDI/LP-TECH-003.mshome.net:integ-ms-aarpro-edi:7001 - deregister  status: 200
2020-10-21 21:24:53.344  INFO 14412 --- [Thread-11] com.netflix.discovery.DiscoveryClient    : Completed shut down of DiscoveryClient
2020-10-21 21:24:55.568  INFO 14412 --- [restartedMain] c.c.c.ConfigServicePropertySourceLocator : Fetching config from server at : http://192.180.4.15:8888
2020-10-21 21:24:56.354  INFO 14412 --- [restartedMain] c.c.c.ConfigServicePropertySourceLocator : Located environment: name=aarprov-edi-microservice-production, profiles=[default], label=null, version=cc2360ea1f32965becec29408996fc4cb69eeb15, state=null
2020-10-21 21:24:56.355  INFO 14412 --- [restartedMain] b.c.PropertySourceBootstrapConfiguration : Located property source: [BootstrapPropertySource {name='bootstrapProperties-configClient'}, BootstrapPropertySource {name='bootstrapProperties-http://192.180.3.23/integ-microservices/microservice-cofigurations.git/aarprov-edi-microservice-production.properties'}]
2020-10-21 21:24:56.382  INFO 14412 --- [restartedMain] com.smart.integ.Application              : The following profiles are active: default
2020-10-21 21:24:58.918  INFO 14412 --- [restartedMain] .s.d.r.c.RepositoryConfigurationDelegate : Bootstrapping Spring Data JPA repositories in DEFAULT mode.
2020-10-21 21:24:58.941  INFO 14412 --- [restartedMain] .s.d.r.c.RepositoryConfigurationDelegate : Finished Spring Data repository scanning in 1ms. Found 0 JPA repository interfaces.
2020-10-21 21:24:58.945  INFO 14412 --- [restartedMain] .s.d.r.c.RepositoryConfigurationDelegate : Bootstrapping Spring Data JPA repositories in DEFAULT mode.
2020-10-21 21:24:59.060  INFO 14412 --- [restartedMain] .s.d.r.c.RepositoryConfigurationDelegate : Finished Spring Data repository scanning in 1ms. Found 0 JPA repository interfaces.
2020-10-21 21:24:59.061  INFO 14412 --- [restartedMain] .s.d.r.c.RepositoryConfigurationDelegate : Bootstrapping Spring Data JPA repositories in DEFAULT mode.
2020-10-21 21:24:59.064  INFO 14412 --- [restartedMain] .s.d.r.c.RepositoryConfigurationDelegate : Finished Spring Data repository scanning in 1ms. Found 0 JPA repository interfaces.
2020-10-21 21:25:01.060  INFO 14412 --- [restartedMain] o.s.cloud.context.scope.GenericScope     : BeanFactory id=e5770430-27d8-385d-852b-7d34f6de4c8e
2020-10-21 21:25:01.280  INFO 14412 --- [restartedMain] trationDelegate$BeanPostProcessorChecker : Bean 'org.springframework.transaction.annotation.ProxyTransactionManagementConfiguration' of type [org.springframework.transaction.annotation.ProxyTransactionManagementConfiguration] is not eligible for getting processed by all BeanPostProcessors (for example: not eligible for auto-proxying)
2020-10-21 21:25:01.584  WARN 14412 --- [restartedMain] org.apache.tomcat.util.modeler.Registry  : The MBean registry cannot be disabled because it has already been initialised
2020-10-21 21:25:01.751  INFO 14412 --- [restartedMain] o.s.b.w.embedded.tomcat.TomcatWebServer  : Tomcat initialized with port(s): 7001 (http)
2020-10-21 21:25:01.755  INFO 14412 --- [restartedMain] o.apache.catalina.core.StandardService   : Starting service [Tomcat]
2020-10-21 21:25:01.755  INFO 14412 --- [restartedMain] org.apache.catalina.core.StandardEngine  : Starting Servlet engine: [Apache Tomcat/9.0.29]
2020-10-21 21:25:01.929  INFO 14412 --- [restartedMain] o.a.c.c.C.[Tomcat].[localhost].[/]       : Initializing Spring embedded WebApplicationContext
2020-10-21 21:25:01.930  INFO 14412 --- [restartedMain] o.s.web.context.ContextLoader            : Root WebApplicationContext: initialization completed in 5540 ms
2020-10-21 21:25:03.678  INFO 14412 --- [restartedMain] o.hibernate.jpa.internal.util.LogHelper  : HHH000204: Processing PersistenceUnitInfo [name: aar]
2020-10-21 21:25:04.714  INFO 14412 --- [restartedMain] com.zaxxer.hikari.HikariDataSource       : HikariPool-4 - Starting...
2020-10-21 21:25:05.265  INFO 14412 --- [restartedMain] com.zaxxer.hikari.pool.PoolBase          : HikariPool-4 - Driver does not support get/set network timeout for connections. (This operation is not supported.)
2020-10-21 21:25:05.381  INFO 14412 --- [restartedMain] com.zaxxer.hikari.HikariDataSource       : HikariPool-4 - Start completed.
2020-10-21 21:25:05.382  INFO 14412 --- [restartedMain] org.hibernate.dialect.Dialect            : HHH000400: Using dialect: org.hibernate.dialect.Oracle10gDialect
2020-10-21 21:25:05.798 ERROR 14412 --- [restartedMain] o.h.e.j.e.internal.JdbcEnvironmentImpl   : Could not fetch the SequenceInformation from the database

com.microsoft.sqlserver.jdbc.SQLServerException: Invalid object name 'all_sequences'.
	at com.microsoft.sqlserver.jdbc.SQLServerException.makeFromDatabaseError(SQLServerException.java:232) ~[mssql-jdbc-6.1.0.jre8.jar:na]
	at com.microsoft.sqlserver.jdbc.SQLServerStatement.getNextResult(SQLServerStatement.java:1672) ~[mssql-jdbc-6.1.0.jre8.jar:na]
	at com.microsoft.sqlserver.jdbc.SQLServerStatement.doExecuteStatement(SQLServerStatement.java:903) ~[mssql-jdbc-6.1.0.jre8.jar:na]
	at com.microsoft.sqlserver.jdbc.SQLServerStatement$StmtExecCmd.doExecute(SQLServerStatement.java:796) ~[mssql-jdbc-6.1.0.jre8.jar:na]
	at com.microsoft.sqlserver.jdbc.TDSCommand.execute(IOBuffer.java:7535) ~[mssql-jdbc-6.1.0.jre8.jar:na]
	at com.microsoft.sqlserver.jdbc.SQLServerConnection.executeCommand(SQLServerConnection.java:2438) ~[mssql-jdbc-6.1.0.jre8.jar:na]
	at com.microsoft.sqlserver.jdbc.SQLServerStatement.executeCommand(SQLServerStatement.java:208) ~[mssql-jdbc-6.1.0.jre8.jar:na]
	at com.microsoft.sqlserver.jdbc.SQLServerStatement.executeStatement(SQLServerStatement.java:183) ~[mssql-jdbc-6.1.0.jre8.jar:na]
	at com.microsoft.sqlserver.jdbc.SQLServerStatement.executeQuery(SQLServerStatement.java:695) ~[mssql-jdbc-6.1.0.jre8.jar:na]
	at com.zaxxer.hikari.pool.ProxyStatement.executeQuery(ProxyStatement.java:111) ~[HikariCP-3.4.1.jar:na]
	at com.zaxxer.hikari.pool.HikariProxyStatement.executeQuery(HikariProxyStatement.java) ~[HikariCP-3.4.1.jar:na]
	at org.hibernate.tool.schema.extract.internal.SequenceInformationExtractorLegacyImpl.extractMetadata(SequenceInformationExtractorLegacyImpl.java:42) ~[hibernate-core-5.4.9.Final.jar:5.4.9.Final]
	at org.hibernate.engine.jdbc.env.internal.JdbcEnvironmentImpl.sequenceInformationList(JdbcEnvironmentImpl.java:403) ~[hibernate-core-5.4.9.Final.jar:5.4.9.Final]
	at org.hibernate.engine.jdbc.env.internal.JdbcEnvironmentImpl.<init>(JdbcEnvironmentImpl.java:268) ~[hibernate-core-5.4.9.Final.jar:5.4.9.Final]
	at org.hibernate.engine.jdbc.env.internal.JdbcEnvironmentInitiator.initiateService(JdbcEnvironmentInitiator.java:114) ~[hibernate-core-5.4.9.Final.jar:5.4.9.Final]
	at org.hibernate.engine.jdbc.env.internal.JdbcEnvironmentInitiator.initiateService(JdbcEnvironmentInitiator.java:35) ~[hibernate-core-5.4.9.Final.jar:5.4.9.Final]
	at org.hibernate.boot.registry.internal.StandardServiceRegistryImpl.initiateService(StandardServiceRegistryImpl.java:101) ~[hibernate-core-5.4.9.Final.jar:5.4.9.Final]
	at org.hibernate.service.internal.AbstractServiceRegistryImpl.createService(AbstractServiceRegistryImpl.java:263) ~[hibernate-core-5.4.9.Final.jar:5.4.9.Final]
	at org.hibernate.service.internal.AbstractServiceRegistryImpl.initializeService(AbstractServiceRegistryImpl.java:237) ~[hibernate-core-5.4.9.Final.jar:5.4.9.Final]
	at org.hibernate.service.internal.AbstractServiceRegistryImpl.getService(AbstractServiceRegistryImpl.java:214) ~[hibernate-core-5.4.9.Final.jar:5.4.9.Final]
	at org.hibernate.id.factory.internal.DefaultIdentifierGeneratorFactory.injectServices(DefaultIdentifierGeneratorFactory.java:152) ~[hibernate-core-5.4.9.Final.jar:5.4.9.Final]
	at org.hibernate.service.internal.AbstractServiceRegistryImpl.injectDependencies(AbstractServiceRegistryImpl.java:286) ~[hibernate-core-5.4.9.Final.jar:5.4.9.Final]
	at org.hibernate.service.internal.AbstractServiceRegistryImpl.initializeService(AbstractServiceRegistryImpl.java:243) ~[hibernate-core-5.4.9.Final.jar:5.4.9.Final]
	at org.hibernate.service.internal.AbstractServiceRegistryImpl.getService(AbstractServiceRegistryImpl.java:214) ~[hibernate-core-5.4.9.Final.jar:5.4.9.Final]
	at org.hibernate.boot.internal.InFlightMetadataCollectorImpl.<init>(InFlightMetadataCollectorImpl.java:175) ~[hibernate-core-5.4.9.Final.jar:5.4.9.Final]
	at org.hibernate.boot.model.process.spi.MetadataBuildingProcess.complete(MetadataBuildingProcess.java:118) ~[hibernate-core-5.4.9.Final.jar:5.4.9.Final]
	at org.hibernate.jpa.boot.internal.EntityManagerFactoryBuilderImpl.metadata(EntityManagerFactoryBuilderImpl.java:1202) ~[hibernate-core-5.4.9.Final.jar:5.4.9.Final]
	at org.hibernate.jpa.boot.internal.EntityManagerFactoryBuilderImpl.build(EntityManagerFactoryBuilderImpl.java:1233) ~[hibernate-core-5.4.9.Final.jar:5.4.9.Final]
	at org.springframework.orm.jpa.vendor.SpringHibernateJpaPersistenceProvider.createContainerEntityManagerFactory(SpringHibernateJpaPersistenceProvider.java:58) ~[spring-orm-5.2.2.RELEASE.jar:5.2.2.RELEASE]
	at org.springframework.orm.jpa.LocalContainerEntityManagerFactoryBean.createNativeEntityManagerFactory(LocalContainerEntityManagerFactoryBean.java:365) ~[spring-orm-5.2.2.RELEASE.jar:5.2.2.RELEASE]
	at org.springframework.orm.jpa.AbstractEntityManagerFactoryBean.buildNativeEntityManagerFactory(AbstractEntityManagerFactoryBean.java:391) ~[spring-orm-5.2.2.RELEASE.jar:5.2.2.RELEASE]
	at org.springframework.orm.jpa.AbstractEntityManagerFactoryBean.afterPropertiesSet(AbstractEntityManagerFactoryBean.java:378) ~[spring-orm-5.2.2.RELEASE.jar:5.2.2.RELEASE]
	at org.springframework.orm.jpa.LocalContainerEntityManagerFactoryBean.afterPropertiesSet(LocalContainerEntityManagerFactoryBean.java:341) ~[spring-orm-5.2.2.RELEASE.jar:5.2.2.RELEASE]
	at org.springframework.beans.factory.support.AbstractAutowireCapableBeanFactory.invokeInitMethods(AbstractAutowireCapableBeanFactory.java:1855) ~[spring-beans-5.2.2.RELEASE.jar:5.2.2.RELEASE]
	at org.springframework.beans.factory.support.AbstractAutowireCapableBeanFactory.initializeBean(AbstractAutowireCapableBeanFactory.java:1792) ~[spring-beans-5.2.2.RELEASE.jar:5.2.2.RELEASE]
	at org.springframework.beans.factory.support.AbstractAutowireCapableBeanFactory.doCreateBean(AbstractAutowireCapableBeanFactory.java:595) ~[spring-beans-5.2.2.RELEASE.jar:5.2.2.RELEASE]
	at org.springframework.beans.factory.support.AbstractAutowireCapableBeanFactory.createBean(AbstractAutowireCapableBeanFactory.java:517) ~[spring-beans-5.2.2.RELEASE.jar:5.2.2.RELEASE]
	at org.springframework.beans.factory.support.AbstractBeanFactory.lambda$doGetBean$0(AbstractBeanFactory.java:323) ~[spring-beans-5.2.2.RELEASE.jar:5.2.2.RELEASE]
	at org.springframework.beans.factory.support.DefaultSingletonBeanRegistry.getSingleton(DefaultSingletonBeanRegistry.java:222) ~[spring-beans-5.2.2.RELEASE.jar:5.2.2.RELEASE]
	at org.springframework.beans.factory.support.AbstractBeanFactory.doGetBean(AbstractBeanFactory.java:321) ~[spring-beans-5.2.2.RELEASE.jar:5.2.2.RELEASE]
	at org.springframework.beans.factory.support.AbstractBeanFactory.getBean(AbstractBeanFactory.java:202) ~[spring-beans-5.2.2.RELEASE.jar:5.2.2.RELEASE]
	at org.springframework.context.support.AbstractApplicationContext.getBean(AbstractApplicationContext.java:1108) ~[spring-context-5.2.2.RELEASE.jar:5.2.2.RELEASE]
	at org.springframework.context.support.AbstractApplicationContext.finishBeanFactoryInitialization(AbstractApplicationContext.java:868) ~[spring-context-5.2.2.RELEASE.jar:5.2.2.RELEASE]
	at org.springframework.context.support.AbstractApplicationContext.refresh(AbstractApplicationContext.java:550) ~[spring-context-5.2.2.RELEASE.jar:5.2.2.RELEASE]
	at org.springframework.boot.web.servlet.context.ServletWebServerApplicationContext.refresh(ServletWebServerApplicationContext.java:141) ~[spring-boot-2.2.2.RELEASE.jar:2.2.2.RELEASE]
	at org.springframework.boot.SpringApplication.refresh(SpringApplication.java:747) ~[spring-boot-2.2.2.RELEASE.jar:2.2.2.RELEASE]
	at org.springframework.boot.SpringApplication.refreshContext(SpringApplication.java:397) ~[spring-boot-2.2.2.RELEASE.jar:2.2.2.RELEASE]
	at org.springframework.boot.SpringApplication.run(SpringApplication.java:315) ~[spring-boot-2.2.2.RELEASE.jar:2.2.2.RELEASE]
	at org.springframework.boot.SpringApplication.run(SpringApplication.java:1226) ~[spring-boot-2.2.2.RELEASE.jar:2.2.2.RELEASE]
	at org.springframework.boot.SpringApplication.run(SpringApplication.java:1215) ~[spring-boot-2.2.2.RELEASE.jar:2.2.2.RELEASE]
	at com.smart.integ.Application.main(Application.java:25) ~[classes/:na]
	at java.base/jdk.internal.reflect.NativeMethodAccessorImpl.invoke0(Native Method) ~[na:na]
	at java.base/jdk.internal.reflect.NativeMethodAccessorImpl.invoke(NativeMethodAccessorImpl.java:64) ~[na:na]
	at java.base/jdk.internal.reflect.DelegatingMethodAccessorImpl.invoke(DelegatingMethodAccessorImpl.java:43) ~[na:na]
	at java.base/java.lang.reflect.Method.invoke(Method.java:564) ~[na:na]
	at org.springframework.boot.devtools.restart.RestartLauncher.run(RestartLauncher.java:49) ~[spring-boot-devtools-2.2.2.RELEASE.jar:2.2.2.RELEASE]

2020-10-21 21:25:05.970  INFO 14412 --- [restartedMain] o.h.e.t.j.p.i.JtaPlatformInitiator       : HHH000490: Using JtaPlatform implementation: [org.hibernate.engine.transaction.jta.platform.internal.NoJtaPlatform]
2020-10-21 21:25:05.971  INFO 14412 --- [restartedMain] j.LocalContainerEntityManagerFactoryBean : Initialized JPA EntityManagerFactory for persistence unit 'aar'
2020-10-21 21:25:06.000  INFO 14412 --- [restartedMain] o.hibernate.jpa.internal.util.LogHelper  : HHH000204: Processing PersistenceUnitInfo [name: abacus]
2020-10-21 21:25:06.309  INFO 14412 --- [restartedMain] com.zaxxer.hikari.HikariDataSource       : HikariPool-5 - Starting...
2020-10-21 21:25:06.310  WARN 14412 --- [restartedMain] com.zaxxer.hikari.util.DriverDataSource  : Registered driver with driverClassName=oracle.jdbc.driver.OracleDriver was not found, trying direct instantiation.
2020-10-21 21:25:07.200  INFO 14412 --- [restartedMain] com.zaxxer.hikari.pool.PoolBase          : HikariPool-5 - Driver does not support get/set network timeout for connections. (Receiver class oracle.jdbc.driver.T4CConnection does not define or inherit an implementation of the resolved method 'abstract int getNetworkTimeout()' of interface java.sql.Connection.)
2020-10-21 21:25:07.270  INFO 14412 --- [restartedMain] com.zaxxer.hikari.HikariDataSource       : HikariPool-5 - Start completed.
2020-10-21 21:25:07.271  INFO 14412 --- [restartedMain] org.hibernate.dialect.Dialect            : HHH000400: Using dialect: org.hibernate.dialect.Oracle10gDialect
2020-10-21 21:25:11.905  INFO 14412 --- [restartedMain] o.h.e.t.j.p.i.JtaPlatformInitiator       : HHH000490: Using JtaPlatform implementation: [org.hibernate.engine.transaction.jta.platform.internal.NoJtaPlatform]
2020-10-21 21:25:11.905  INFO 14412 --- [restartedMain] j.LocalContainerEntityManagerFactoryBean : Initialized JPA EntityManagerFactory for persistence unit 'abacus'
2020-10-21 21:25:11.910  INFO 14412 --- [restartedMain] o.hibernate.jpa.internal.util.LogHelper  : HHH000204: Processing PersistenceUnitInfo [name: integ]
2020-10-21 21:25:12.477  INFO 14412 --- [restartedMain] com.zaxxer.hikari.HikariDataSource       : HikariPool-6 - Starting...
2020-10-21 21:25:12.482  WARN 14412 --- [restartedMain] com.zaxxer.hikari.util.DriverDataSource  : Registered driver with driverClassName=oracle.jdbc.driver.OracleDriver was not found, trying direct instantiation.
2020-10-21 21:25:14.897  INFO 14412 --- [restartedMain] com.zaxxer.hikari.pool.PoolBase          : HikariPool-6 - Driver does not support get/set network timeout for connections. (Receiver class oracle.jdbc.driver.T4CConnection does not define or inherit an implementation of the resolved method 'abstract int getNetworkTimeout()' of interface java.sql.Connection.)
2020-10-21 21:25:15.555  INFO 14412 --- [restartedMain] com.zaxxer.hikari.HikariDataSource       : HikariPool-6 - Start completed.
2020-10-21 21:25:15.555  INFO 14412 --- [restartedMain] org.hibernate.dialect.Dialect            : HHH000400: Using dialect: org.hibernate.dialect.Oracle10gDialect
2020-10-21 21:25:26.916  INFO 14412 --- [restartedMain] o.h.e.t.j.p.i.JtaPlatformInitiator       : HHH000490: Using JtaPlatform implementation: [org.hibernate.engine.transaction.jta.platform.internal.NoJtaPlatform]
2020-10-21 21:25:26.916  INFO 14412 --- [restartedMain] j.LocalContainerEntityManagerFactoryBean : Initialized JPA EntityManagerFactory for persistence unit 'integ'
2020-10-21 21:25:27.449  WARN 14412 --- [restartedMain] c.n.c.sources.URLConfigurationSource     : No URLs will be polled as dynamic configuration sources.
2020-10-21 21:25:27.450  INFO 14412 --- [restartedMain] c.n.c.sources.URLConfigurationSource     : To enable URLs as dynamic configuration sources, define System property archaius.configurationSource.additionalUrls or make config.properties available on classpath.
2020-10-21 21:25:27.503  WARN 14412 --- [restartedMain] JpaBaseConfiguration$JpaWebConfiguration : spring.jpa.open-in-view is enabled by default. Therefore, database queries may be performed during view rendering. Explicitly configure spring.jpa.open-in-view to disable this warning
2020-10-21 21:25:27.606  INFO 14412 --- [restartedMain] o.s.s.concurrent.ThreadPoolTaskExecutor  : Initializing ExecutorService 'applicationTaskExecutor'
2020-10-21 21:25:27.872  INFO 14412 --- [restartedMain] o.s.s.c.ThreadPoolTaskScheduler          : Initializing ExecutorService 'taskScheduler'
2020-10-21 21:25:27.904  INFO 14412 --- [restartedMain] o.s.b.d.a.OptionalLiveReloadServer       : LiveReload server is running on port 35729
2020-10-21 21:25:28.408  WARN 14412 --- [restartedMain] iguration$LoadBalancerCaffeineWarnLogger : Spring Cloud LoadBalancer is currently working with default default cache. You can switch to using Caffeine cache, by adding it to the classpath.
2020-10-21 21:25:28.444  INFO 14412 --- [restartedMain] o.s.b.a.e.web.EndpointLinksResolver      : Exposing 19 endpoint(s) beneath base path '/actuator'
2020-10-21 21:25:28.521  INFO 14412 --- [restartedMain] o.s.c.n.eureka.InstanceInfoFactory       : Setting initial instance status as: STARTING
2020-10-21 21:25:28.560  INFO 14412 --- [restartedMain] com.netflix.discovery.DiscoveryClient    : Initializing Eureka in region us-east-1
2020-10-21 21:25:28.568  INFO 14412 --- [restartedMain] c.n.d.provider.DiscoveryJerseyProvider   : Using JSON encoding codec LegacyJacksonJson
2020-10-21 21:25:28.568  INFO 14412 --- [restartedMain] c.n.d.provider.DiscoveryJerseyProvider   : Using JSON decoding codec LegacyJacksonJson
2020-10-21 21:25:28.568  INFO 14412 --- [restartedMain] c.n.d.provider.DiscoveryJerseyProvider   : Using XML encoding codec XStreamXml
2020-10-21 21:25:28.569  INFO 14412 --- [restartedMain] c.n.d.provider.DiscoveryJerseyProvider   : Using XML decoding codec XStreamXml
2020-10-21 21:25:28.820  INFO 14412 --- [restartedMain] c.n.d.s.r.aws.ConfigClusterResolver      : Resolving eureka endpoints via configuration
2020-10-21 21:25:28.839  INFO 14412 --- [restartedMain] com.netflix.discovery.DiscoveryClient    : Disable delta property : false
2020-10-21 21:25:28.839  INFO 14412 --- [restartedMain] com.netflix.discovery.DiscoveryClient    : Single vip registry refresh property : null
2020-10-21 21:25:28.839  INFO 14412 --- [restartedMain] com.netflix.discovery.DiscoveryClient    : Force full registry fetch : false
2020-10-21 21:25:28.840  INFO 14412 --- [restartedMain] com.netflix.discovery.DiscoveryClient    : Application is null : false
2020-10-21 21:25:28.840  INFO 14412 --- [restartedMain] com.netflix.discovery.DiscoveryClient    : Registered Applications size is zero : true
2020-10-21 21:25:28.840  INFO 14412 --- [restartedMain] com.netflix.discovery.DiscoveryClient    : Application version is -1: true
2020-10-21 21:25:28.840  INFO 14412 --- [restartedMain] com.netflix.discovery.DiscoveryClient    : Getting all instance registry info from the eureka server
2020-10-21 21:25:28.950  INFO 14412 --- [restartedMain] com.netflix.discovery.DiscoveryClient    : The response status is 200
2020-10-21 21:25:28.952  INFO 14412 --- [restartedMain] com.netflix.discovery.DiscoveryClient    : Starting heartbeat executor: renew interval is: 30
2020-10-21 21:25:28.953  INFO 14412 --- [restartedMain] c.n.discovery.InstanceInfoReplicator     : InstanceInfoReplicator onDemand update allowed rate per min is 4
2020-10-21 21:25:28.958  INFO 14412 --- [restartedMain] com.netflix.discovery.DiscoveryClient    : Discovery Client initialized at timestamp 1603340728958 with initial instances count: 8
2020-10-21 21:25:28.960  INFO 14412 --- [restartedMain] o.s.c.n.e.s.EurekaServiceRegistry        : Registering application INTEG-MS-AARPRO-EDI with eureka with status UP
2020-10-21 21:25:28.960  INFO 14412 --- [restartedMain] com.netflix.discovery.DiscoveryClient    : Saw local status change event StatusChangeEvent [timestamp=1603340728960, current=UP, previous=STARTING]
2020-10-21 21:25:28.992  INFO 14412 --- [restartedMain] o.s.b.w.embedded.tomcat.TomcatWebServer  : Tomcat started on port(s): 7001 (http) with context path ''
2020-10-21 21:25:28.994  INFO 14412 --- [restartedMain] .s.c.n.e.s.EurekaAutoServiceRegistration : Updating port to 7001
2020-10-21 21:25:29.054  INFO 14412 --- [scheduling-1] com.smart.integ.daemon.RenewToken        : **************************POST CLAIM TO EDI  SERVICE ACTIVATED***********************
2020-10-21 21:25:29.057  INFO 14412 --- [DiscoveryClient-InstanceInfoReplicator-0] com.netflix.discovery.DiscoveryClient    : DiscoveryClient_INTEG-MS-AARPRO-EDI/LP-TECH-003.mshome.net:integ-ms-aarpro-edi:7001: registering service...
2020-10-21 21:25:29.058  INFO 14412 --- [scheduling-1] com.smart.integ.threads.ThreadInterface  : ============================POSTING CLAIMS TO EDI=====================================
2020-10-21 21:25:29.059  INFO 14412 --- [scheduling-1] com.smart.integ.service.EDIClaimService  : ---------GETTING UNSWITCHED CLAIMS---------------
https://data.smartapplicationsgroup.com/api/v2/prod/provider/integration?country_code=KE&integ_app_code=AARPRODT6HFYU25YT3WGIYI6&prov_code=SKSP_301
2020-10-21 21:25:29.165  INFO 14412 --- [DiscoveryClient-InstanceInfoReplicator-0] com.netflix.discovery.DiscoveryClient    : DiscoveryClient_INTEG-MS-AARPRO-EDI/LP-TECH-003.mshome.net:integ-ms-aarpro-edi:7001 - registration status: 204
2020-10-21 21:25:29.389  INFO 14412 --- [scheduling-1] com.smart.integ.threads.ThreadInterface  : ================ 0 CLAIMS  FETCHED READY TO BE PROCESSED TO  EDI =======================
2020-10-21 21:25:29.389  INFO 14412 --- [scheduling-1] com.smart.integ.daemon.RenewToken        : *****************************PROVIDER CLAIMS SERVICE ACTIVATED********************************
2020-10-21 21:25:29.390  INFO 14412 --- [scheduling-1] com.smart.integ.threads.ThreadInterface  : ==========================FETCHING CLAIMS FROM THE PROVIDER=================================
2020-10-21 21:25:29.472  INFO 14412 --- [scheduling-1] com.smart.integ.threads.ThreadInterface  : =============== 0 CLAIMS FETCHED FROM THE PROVIDER READY TO BE DELIVERED TO SMART=========
2020-10-21 21:25:29.472  INFO 14412 --- [scheduling-1] com.smart.integ.daemon.RenewToken        : GETTING NEW TOKEN
2020-10-21 21:25:29.472  INFO 14412 --- [scheduling-1] com.smart.integ.service.TokenService     : ====================PREPARING TO GET AUTH TOKEN FROM AUTHER SERVER USING THE LINK: ======================
 https://data.smartapplicationsgroup.com/auth/integ-clients/oauth/token?client_id=a760c52c-97ee-4f31-a5bf-f0c43e4e8725&client_secret=KszCjWj8DcXTzJGKQPk_jJ-ujiw&grant_type=client_credentials 

2020-10-21 21:25:29.483  INFO 14412 --- [restartedMain] com.smart.integ.Application              : Started Application in 35.906 seconds (JVM running for 266.876)
2020-10-21 21:25:29.486  INFO 14412 --- [restartedMain] c.smart.integ.controller.StartupRunner   : GETTING NEW TOKEN
2020-10-21 21:25:29.486  INFO 14412 --- [restartedMain] com.smart.integ.service.TokenService     : ====================PREPARING TO GET AUTH TOKEN FROM AUTHER SERVER USING THE LINK: ======================
 https://data.smartapplicationsgroup.com/auth/integ-clients/oauth/token?client_id=a760c52c-97ee-4f31-a5bf-f0c43e4e8725&client_secret=KszCjWj8DcXTzJGKQPk_jJ-ujiw&grant_type=client_credentials 

2020-10-21 21:25:29.775  INFO 14412 --- [scheduling-1] com.smart.integ.service.TokenService     : resp token = eyJraWQiOiJkZWZhdWx0LWdyYXZpdGVlLUFNLWtleSIsImFsZyI6IkhTMjU2In0.eyJzdWIiOiJhNzYwYzUyYy05N2VlLTRmMzEtYTViZi1mMGM0M2U0ZTg3MjUiLCJhdWQiOiJhNzYwYzUyYy05N2VlLTRmMzEtYTViZi1mMGM0M2U0ZTg3MjUiLCJkb21haW4iOiJpbnRlZy1jbGllbnRzIiwiaXNzIjoiaHR0cDovL2RhdGEuc21hcnRhcHBsaWNhdGlvbnNncm91cC5jb20vaW50ZWctY2xpZW50cy9vaWRjIiwiZXhwIjoxNjAzMzQ3OTM1LCJpYXQiOjE2MDMzNDA3MzUsImp0aSI6IlR4d2pTbWxid2JkN0FwUXpZUWdNbTUzeEhFNCJ9.kb4I9ymPlYXGf7lh8VgQjeoe0ASzU7gljlFMkQXlyRE
2020-10-21 21:25:29.775  INFO 14412 --- [scheduling-1] com.smart.integ.daemon.RenewToken        : UPDATING TOKEN : eyJraWQiOiJkZWZhdWx0LWdyYXZpdGVlLUFNLWtleSIsImFsZyI6IkhTMjU2In0.eyJzdWIiOiJhNzYwYzUyYy05N2VlLTRmMzEtYTViZi1mMGM0M2U0ZTg3MjUiLCJhdWQiOiJhNzYwYzUyYy05N2VlLTRmMzEtYTViZi1mMGM0M2U0ZTg3MjUiLCJkb21haW4iOiJpbnRlZy1jbGllbnRzIiwiaXNzIjoiaHR0cDovL2RhdGEuc21hcnRhcHBsaWNhdGlvbnNncm91cC5jb20vaW50ZWctY2xpZW50cy9vaWRjIiwiZXhwIjoxNjAzMzQ3OTM1LCJpYXQiOjE2MDMzNDA3MzUsImp0aSI6IlR4d2pTbWxid2JkN0FwUXpZUWdNbTUzeEhFNCJ9.kb4I9ymPlYXGf7lh8VgQjeoe0ASzU7gljlFMkQXlyRE
2020-10-21 21:25:29.789  INFO 14412 --- [restartedMain] com.smart.integ.service.TokenService     : resp token = eyJraWQiOiJkZWZhdWx0LWdyYXZpdGVlLUFNLWtleSIsImFsZyI6IkhTMjU2In0.eyJzdWIiOiJhNzYwYzUyYy05N2VlLTRmMzEtYTViZi1mMGM0M2U0ZTg3MjUiLCJhdWQiOiJhNzYwYzUyYy05N2VlLTRmMzEtYTViZi1mMGM0M2U0ZTg3MjUiLCJkb21haW4iOiJpbnRlZy1jbGllbnRzIiwiaXNzIjoiaHR0cDovL2RhdGEuc21hcnRhcHBsaWNhdGlvbnNncm91cC5jb20vaW50ZWctY2xpZW50cy9vaWRjIiwiZXhwIjoxNjAzMzQ3OTM1LCJpYXQiOjE2MDMzNDA3MzUsImp0aSI6IlItTE1QclhqLUlURGVsR3YxczlaSzJ6TXpfWSJ9.joZhOQZYbxy3tRcB_Y-ZjiGspcbzeZgUdsg3mJdwCkk
2020-10-21 21:25:29.790  INFO 14412 --- [restartedMain] c.smart.integ.controller.StartupRunner   : UPDATING TOKEN : eyJraWQiOiJkZWZhdWx0LWdyYXZpdGVlLUFNLWtleSIsImFsZyI6IkhTMjU2In0.eyJzdWIiOiJhNzYwYzUyYy05N2VlLTRmMzEtYTViZi1mMGM0M2U0ZTg3MjUiLCJhdWQiOiJhNzYwYzUyYy05N2VlLTRmMzEtYTViZi1mMGM0M2U0ZTg3MjUiLCJkb21haW4iOiJpbnRlZy1jbGllbnRzIiwiaXNzIjoiaHR0cDovL2RhdGEuc21hcnRhcHBsaWNhdGlvbnNncm91cC5jb20vaW50ZWctY2xpZW50cy9vaWRjIiwiZXhwIjoxNjAzMzQ3OTM1LCJpYXQiOjE2MDMzNDA3MzUsImp0aSI6IlItTE1QclhqLUlURGVsR3YxczlaSzJ6TXpfWSJ9.joZhOQZYbxy3tRcB_Y-ZjiGspcbzeZgUdsg3mJdwCkk
2020-10-21 21:25:29.790  INFO 14412 --- [restartedMain] c.smart.integ.controller.StartupRunner   : *****************************PROVIDER CLAIMS SERVICE ACTIVATED********************************
2020-10-21 21:25:29.790  INFO 14412 --- [restartedMain] com.smart.integ.threads.ThreadInterface  : ==========================FETCHING CLAIMS FROM THE PROVIDER=================================
2020-10-21 21:25:29.845  INFO 14412 --- [restartedMain] com.smart.integ.threads.ThreadInterface  : =============== 0 CLAIMS FETCHED FROM THE PROVIDER READY TO BE DELIVERED TO SMART=========
2020-10-21 21:25:29.846  INFO 14412 --- [restartedMain] c.smart.integ.controller.StartupRunner   : **************************POST CLAIM TO EDI  SERVICE ACTIVATED***********************
2020-10-21 21:25:29.846  INFO 14412 --- [restartedMain] com.smart.integ.threads.ThreadInterface  : ============================POSTING CLAIMS TO EDI=====================================
2020-10-21 21:25:29.846  INFO 14412 --- [restartedMain] com.smart.integ.service.EDIClaimService  : ---------GETTING UNSWITCHED CLAIMS---------------
https://data.smartapplicationsgroup.com/api/v2/prod/provider/integration?country_code=KE&integ_app_code=AARPRODT6HFYU25YT3WGIYI6&prov_code=SKSP_301
2020-10-21 21:25:30.067  INFO 14412 --- [restartedMain] com.smart.integ.threads.ThreadInterface  : ================ 0 CLAIMS  FETCHED READY TO BE PROCESSED TO  EDI =======================
2020-10-21 21:25:30.069  INFO 14412 --- [restartedMain] .ConditionEvaluationDeltaLoggingListener : Condition evaluation unchanged
2020-10-21 21:30:28.842  INFO 14412 --- [AsyncResolver-bootstrap-executor-0] c.n.d.s.r.aws.ConfigClusterResolver      : Resolving eureka endpoints via configuration
2020-10-21 21:30:29.387  INFO 14412 --- [scheduling-1] com.smart.integ.daemon.RenewToken        : **************************POST CLAIM TO EDI  SERVICE ACTIVATED***********************
2020-10-21 21:30:29.388  INFO 14412 --- [scheduling-1] com.smart.integ.threads.ThreadInterface  : ============================POSTING CLAIMS TO EDI=====================================
2020-10-21 21:30:29.388  INFO 14412 --- [scheduling-1] com.smart.integ.service.EDIClaimService  : ---------GETTING UNSWITCHED CLAIMS---------------
https://data.smartapplicationsgroup.com/api/v2/prod/provider/integration?country_code=KE&integ_app_code=AARPRODT6HFYU25YT3WGIYI6&prov_code=SKSP_301
2020-10-21 21:30:31.271  INFO 14412 --- [scheduling-1] com.smart.integ.threads.ThreadInterface  : ================ 0 CLAIMS  FETCHED READY TO BE PROCESSED TO  EDI =======================
2020-10-21 21:35:28.841  INFO 14412 --- [AsyncResolver-bootstrap-executor-0] c.n.d.s.r.aws.ConfigClusterResolver      : Resolving eureka endpoints via configuration
2020-10-21 21:35:31.270  INFO 14412 --- [scheduling-1] com.smart.integ.daemon.RenewToken        : **************************POST CLAIM TO EDI  SERVICE ACTIVATED***********************
2020-10-21 21:35:31.270  INFO 14412 --- [scheduling-1] com.smart.integ.threads.ThreadInterface  : ============================POSTING CLAIMS TO EDI=====================================
2020-10-21 21:35:31.270  INFO 14412 --- [scheduling-1] com.smart.integ.service.EDIClaimService  : ---------GETTING UNSWITCHED CLAIMS---------------
https://data.smartapplicationsgroup.com/api/v2/prod/provider/integration?country_code=KE&integ_app_code=AARPRODT6HFYU25YT3WGIYI6&prov_code=SKSP_301
2020-10-21 21:35:31.464  INFO 14412 --- [scheduling-1] com.smart.integ.threads.ThreadInterface  : ================ 0 CLAIMS  FETCHED READY TO BE PROCESSED TO  EDI =======================
2020-10-21 21:40:28.839  INFO 14412 --- [AsyncResolver-bootstrap-executor-0] c.n.d.s.r.aws.ConfigClusterResolver      : Resolving eureka endpoints via configuration
