2020-04-08 15:05:26.636  INFO 17755 --- [main] c.c.c.ConfigServicePropertySourceLocator : Fetching config from server at : http://192.180.4.103:8888
2020-04-08 15:05:27.903  INFO 17755 --- [main] c.c.c.ConfigServicePropertySourceLocator : Located environment: name=jubilee-microservice, profiles=[default], label=null, version=c7066ba9d26ddbf909f51c3e7b4d9423dedbed70, state=null
2020-04-08 15:05:27.905  INFO 17755 --- [main] b.c.PropertySourceBootstrapConfiguration : Located property source: [BootstrapPropertySource {name='bootstrapProperties-configClient'}, BootstrapPropertySource {name='bootstrapProperties-http://@192.180.3.23/microservices/microservice-configs.git/jubilee-microservice.properties'}]
2020-04-08 15:05:28.118  INFO 17755 --- [main] com.smart.integ.Application              : The following profiles are active: default
2020-04-08 15:05:29.341  INFO 17755 --- [main] .s.d.r.c.RepositoryConfigurationDelegate : Bootstrapping Spring Data JPA repositories in DEFAULT mode.
2020-04-08 15:05:29.369  INFO 17755 --- [main] .s.d.r.c.RepositoryConfigurationDelegate : Finished Spring Data repository scanning in 9ms. Found 0 JPA repository interfaces.
2020-04-08 15:05:29.372  INFO 17755 --- [main] .s.d.r.c.RepositoryConfigurationDelegate : Bootstrapping Spring Data JPA repositories in DEFAULT mode.
2020-04-08 15:05:29.375  INFO 17755 --- [main] .s.d.r.c.RepositoryConfigurationDelegate : Finished Spring Data repository scanning in 2ms. Found 0 JPA repository interfaces.
2020-04-08 15:05:30.204  WARN 17755 --- [main] o.s.boot.actuate.endpoint.EndpointId     : Endpoint ID 'service-registry' contains invalid characters, please migrate to a valid format.
2020-04-08 15:05:30.555  INFO 17755 --- [main] o.s.cloud.context.scope.GenericScope     : BeanFactory id=e5a5b779-620e-3d76-9d40-96c36227fdc3
2020-04-08 15:05:31.133  INFO 17755 --- [main] trationDelegate$BeanPostProcessorChecker : Bean 'org.springframework.transaction.annotation.ProxyTransactionManagementConfiguration' of type [org.springframework.transaction.annotation.ProxyTransactionManagementConfiguration] is not eligible for getting processed by all BeanPostProcessors (for example: not eligible for auto-proxying)
2020-04-08 15:05:32.185  INFO 17755 --- [main] o.s.b.w.embedded.tomcat.TomcatWebServer  : Tomcat initialized with port(s): 8090 (http)
2020-04-08 15:05:32.224  INFO 17755 --- [main] o.apache.catalina.core.StandardService   : Starting service [Tomcat]
2020-04-08 15:05:32.225  INFO 17755 --- [main] org.apache.catalina.core.StandardEngine  : Starting Servlet engine: [Apache Tomcat/9.0.29]
2020-04-08 15:05:32.387  INFO 17755 --- [main] o.a.c.c.C.[Tomcat].[localhost].[/]       : Initializing Spring embedded WebApplicationContext
2020-04-08 15:05:32.387  INFO 17755 --- [main] o.s.web.context.ContextLoader            : Root WebApplicationContext: initialization completed in 4206 ms
2020-04-08 15:05:32.715  WARN 17755 --- [main] c.n.c.sources.URLConfigurationSource     : No URLs will be polled as dynamic configuration sources.
2020-04-08 15:05:32.716  INFO 17755 --- [main] c.n.c.sources.URLConfigurationSource     : To enable URLs as dynamic configuration sources, define System property archaius.configurationSource.additionalUrls or make config.properties available on classpath.
2020-04-08 15:05:32.770  INFO 17755 --- [main] c.netflix.config.DynamicPropertyFactory  : DynamicPropertyFactory is initialized with configuration sources: com.netflix.config.ConcurrentCompositeConfiguration@64b0598
2020-04-08 15:05:35.327  INFO 17755 --- [main] o.hibernate.jpa.internal.util.LogHelper  : HHH000204: Processing PersistenceUnitInfo [name: integ]
2020-04-08 15:05:35.647  INFO 17755 --- [main] org.hibernate.Version                    : HHH000412: Hibernate Core {5.4.9.Final}
2020-04-08 15:05:36.087  INFO 17755 --- [main] o.hibernate.annotations.common.Version   : HCANN000001: Hibernate Commons Annotations {5.1.0.Final}
2020-04-08 15:05:36.822  INFO 17755 --- [main] com.zaxxer.hikari.HikariDataSource       : HikariPool-1 - Starting...
2020-04-08 15:05:36.830  WARN 17755 --- [main] com.zaxxer.hikari.util.DriverDataSource  : Registered driver with driverClassName=oracle.jdbc.driver.OracleDriver was not found, trying direct instantiation.
2020-04-08 15:05:38.841  INFO 17755 --- [main] com.zaxxer.hikari.pool.PoolBase          : HikariPool-1 - Driver does not support get/set network timeout for connections. (oracle.jdbc.driver.T4CConnection.getNetworkTimeout()I)
2020-04-08 15:05:38.951  INFO 17755 --- [main] com.zaxxer.hikari.HikariDataSource       : HikariPool-1 - Start completed.
2020-04-08 15:05:38.986  INFO 17755 --- [main] org.hibernate.dialect.Dialect            : HHH000400: Using dialect: org.hibernate.dialect.Oracle10gDialect
2020-04-08 15:05:50.774  INFO 17755 --- [main] o.h.e.t.j.p.i.JtaPlatformInitiator       : HHH000490: Using JtaPlatform implementation: [org.hibernate.engine.transaction.jta.platform.internal.NoJtaPlatform]
2020-04-08 15:05:50.791  INFO 17755 --- [main] j.LocalContainerEntityManagerFactoryBean : Initialized JPA EntityManagerFactory for persistence unit 'integ'
2020-04-08 15:05:50.807  INFO 17755 --- [main] o.hibernate.jpa.internal.util.LogHelper  : HHH000204: Processing PersistenceUnitInfo [name: abacus]
2020-04-08 15:05:51.042  INFO 17755 --- [main] com.zaxxer.hikari.HikariDataSource       : HikariPool-2 - Starting...
2020-04-08 15:05:51.043  WARN 17755 --- [main] com.zaxxer.hikari.util.DriverDataSource  : Registered driver with driverClassName=oracle.jdbc.driver.OracleDriver was not found, trying direct instantiation.
2020-04-08 15:05:52.298  INFO 17755 --- [main] com.zaxxer.hikari.pool.PoolBase          : HikariPool-2 - Driver does not support get/set network timeout for connections. (oracle.jdbc.driver.T4CConnection.getNetworkTimeout()I)
2020-04-08 15:05:52.483  INFO 17755 --- [main] com.zaxxer.hikari.HikariDataSource       : HikariPool-2 - Start completed.
2020-04-08 15:05:52.484  INFO 17755 --- [main] org.hibernate.dialect.Dialect            : HHH000400: Using dialect: org.hibernate.dialect.Oracle10gDialect
2020-04-08 15:06:02.800  INFO 17755 --- [main] o.h.e.t.j.p.i.JtaPlatformInitiator       : HHH000490: Using JtaPlatform implementation: [org.hibernate.engine.transaction.jta.platform.internal.NoJtaPlatform]
2020-04-08 15:06:02.801  INFO 17755 --- [main] j.LocalContainerEntityManagerFactoryBean : Initialized JPA EntityManagerFactory for persistence unit 'abacus'
2020-04-08 15:06:02.969  WARN 17755 --- [main] c.n.c.sources.URLConfigurationSource     : No URLs will be polled as dynamic configuration sources.
2020-04-08 15:06:02.969  INFO 17755 --- [main] c.n.c.sources.URLConfigurationSource     : To enable URLs as dynamic configuration sources, define System property archaius.configurationSource.additionalUrls or make config.properties available on classpath.
2020-04-08 15:06:03.069  WARN 17755 --- [main] JpaBaseConfiguration$JpaWebConfiguration : spring.jpa.open-in-view is enabled by default. Therefore, database queries may be performed during view rendering. Explicitly configure spring.jpa.open-in-view to disable this warning
2020-04-08 15:06:03.483  INFO 17755 --- [main] o.s.s.concurrent.ThreadPoolTaskExecutor  : Initializing ExecutorService 'applicationTaskExecutor'
2020-04-08 15:06:03.893  INFO 17755 --- [main] o.s.s.c.ThreadPoolTaskScheduler          : Initializing ExecutorService 'taskScheduler'
2020-04-08 15:06:04.099  WARN 17755 --- [main] iguration$LoadBalancerCaffeineWarnLogger : Spring Cloud LoadBalancer is currently working with default default cache. You can switch to using Caffeine cache, by adding it to the classpath.
2020-04-08 15:06:04.132  INFO 17755 --- [main] o.s.b.a.e.web.EndpointLinksResolver      : Exposing 19 endpoint(s) beneath base path '/actuator'
2020-04-08 15:06:04.227  INFO 17755 --- [main] o.s.c.n.eureka.InstanceInfoFactory       : Setting initial instance status as: STARTING
2020-04-08 15:06:04.313  INFO 17755 --- [main] com.netflix.discovery.DiscoveryClient    : Initializing Eureka in region us-east-1
2020-04-08 15:06:04.668  INFO 17755 --- [main] c.n.d.provider.DiscoveryJerseyProvider   : Using JSON encoding codec LegacyJacksonJson
2020-04-08 15:06:04.669  INFO 17755 --- [main] c.n.d.provider.DiscoveryJerseyProvider   : Using JSON decoding codec LegacyJacksonJson
2020-04-08 15:06:05.006  INFO 17755 --- [main] c.n.d.provider.DiscoveryJerseyProvider   : Using XML encoding codec XStreamXml
2020-04-08 15:06:05.006  INFO 17755 --- [main] c.n.d.provider.DiscoveryJerseyProvider   : Using XML decoding codec XStreamXml
2020-04-08 15:06:05.312  INFO 17755 --- [main] c.n.d.s.r.aws.ConfigClusterResolver      : Resolving eureka endpoints via configuration
2020-04-08 15:06:05.343  INFO 17755 --- [main] com.netflix.discovery.DiscoveryClient    : Disable delta property : false
2020-04-08 15:06:05.343  INFO 17755 --- [main] com.netflix.discovery.DiscoveryClient    : Single vip registry refresh property : null
2020-04-08 15:06:05.343  INFO 17755 --- [main] com.netflix.discovery.DiscoveryClient    : Force full registry fetch : false
2020-04-08 15:06:05.343  INFO 17755 --- [main] com.netflix.discovery.DiscoveryClient    : Application is null : false
2020-04-08 15:06:05.343  INFO 17755 --- [main] com.netflix.discovery.DiscoveryClient    : Registered Applications size is zero : true
2020-04-08 15:06:05.343  INFO 17755 --- [main] com.netflix.discovery.DiscoveryClient    : Application version is -1: true
2020-04-08 15:06:05.343  INFO 17755 --- [main] com.netflix.discovery.DiscoveryClient    : Getting all instance registry info from the eureka server
2020-04-08 15:06:05.758  INFO 17755 --- [main] com.netflix.discovery.DiscoveryClient    : The response status is 200
2020-04-08 15:06:05.770  INFO 17755 --- [main] com.netflix.discovery.DiscoveryClient    : Starting heartbeat executor: renew interval is: 30
2020-04-08 15:06:05.773  INFO 17755 --- [main] c.n.discovery.InstanceInfoReplicator     : InstanceInfoReplicator onDemand update allowed rate per min is 4
2020-04-08 15:06:05.782  INFO 17755 --- [main] com.netflix.discovery.DiscoveryClient    : Discovery Client initialized at timestamp 1586347565780 with initial instances count: 8
2020-04-08 15:06:05.785  INFO 17755 --- [main] o.s.c.n.e.s.EurekaServiceRegistry        : Registering application JUBILEE-MICROSERVICE with eureka with status UP
2020-04-08 15:06:05.786  INFO 17755 --- [main] com.netflix.discovery.DiscoveryClient    : Saw local status change event StatusChangeEvent [timestamp=1586347565786, current=UP, previous=STARTING]
2020-04-08 15:06:05.789  INFO 17755 --- [DiscoveryClient-InstanceInfoReplicator-0] com.netflix.discovery.DiscoveryClient    : DiscoveryClient_JUBILEE-MICROSERVICE/10.0.2.15:jubilee-microservice:8090: registering service...
2020-04-08 15:06:05.898  INFO 17755 --- [scheduling-1] com.smart.integ.daemon.SLClaims          : Getting Smartlink Claims. STUB
2020-04-08 15:06:05.898  INFO 17755 --- [scheduling-1] com.smart.integ.daemon.SLClaims          : claimSql = SELECT a.central_id, a.ip_address, a.edi_data FROM stg_slink_claims a INNER JOIN fin_client_details cl2 ON a.patient_medicalaid_code=cl2.smart_code INNER JOIN fin_providers pr ON a.ip_address=pr.provider_key INNER JOIN fin_providers pr2 ON pr.parent_provider=pr2.provider_key INNER JOIN fin_client_details cl ON pr2.prov_id=cl.prov_id and (cl.is_edi=0 or (cl.is_edi=1 and cl.is_edi_backend=0)) WHERE INSERT_DATE >= cl2.edi_start_date AND a.is_edi=0 AND a.edi_data is not null and a.patient_medicalaid_code IN ('JIC') ORDER BY a.central_id ASC  FETCH FIRST 10 ROWS ONLY 
2020-04-08 15:06:05.976  INFO 17755 --- [DiscoveryClient-InstanceInfoReplicator-0] com.netflix.discovery.DiscoveryClient    : DiscoveryClient_JUBILEE-MICROSERVICE/10.0.2.15:jubilee-microservice:8090 - registration status: 204
2020-04-08 15:06:05.990  INFO 17755 --- [main] o.s.b.w.embedded.tomcat.TomcatWebServer  : Tomcat started on port(s): 8090 (http) with context path ''
2020-04-08 15:06:05.991  INFO 17755 --- [main] .s.c.n.e.s.EurekaAutoServiceRegistration : Updating port to 8090
2020-04-08 15:06:06.069  INFO 17755 --- [main] com.smart.integ.Application              : Started Application in 41.689 seconds (JVM running for 44.16)
2020-04-08 15:06:31.844  INFO 17755 --- [scheduling-1] com.smart.integ.util.SLFetchHandler      : processing row 1
2020-04-08 15:06:31.853  INFO 17755 --- [scheduling-1] com.smart.integ.util.SLFetchHandler      : Preparing request to ... https://data.smartapplicationsgroup.com/api/abacus_dev/edi/claim?integ_app_code=JUBILEEECLAIMS&prov_code=SKSP_201&centralId=318555171
2020-04-08 15:06:33.727  INFO 17755 --- [scheduling-1] com.smart.integ.util.SLFetchHandler      : Response successful=false, status_msg=ORA-00001: unique constraint (ABACUS.EDI_CLAIMSINV_INVNO_UNIQ) violated

2020-04-08 15:06:33.727  INFO 17755 --- [scheduling-1] com.smart.integ.util.SLFetchHandler      : processing row 2
2020-04-08 15:06:33.727  INFO 17755 --- [scheduling-1] com.smart.integ.util.SLFetchHandler      : Preparing request to ... https://data.smartapplicationsgroup.com/api/abacus_dev/edi/claim?integ_app_code=JUBILEEECLAIMS&prov_code=SKSP_156&centralId=318555320
2020-04-08 15:06:34.293  INFO 17755 --- [scheduling-1] com.smart.integ.util.SLFetchHandler      : Response successful=false, status_msg=ORA-00001: unique constraint (ABACUS.EDI_CLAIMSINV_INVNO_UNIQ) violated

2020-04-08 15:06:34.293  INFO 17755 --- [scheduling-1] com.smart.integ.util.SLFetchHandler      : processing row 3
2020-04-08 15:06:34.293  INFO 17755 --- [scheduling-1] com.smart.integ.util.SLFetchHandler      : Preparing request to ... https://data.smartapplicationsgroup.com/api/abacus_dev/edi/claim?integ_app_code=JUBILEEECLAIMS&prov_code=SKSP_156&centralId=318555323
2020-04-08 15:06:34.788  INFO 17755 --- [scheduling-1] com.smart.integ.util.SLFetchHandler      : Response successful=false, status_msg=ORA-00001: unique constraint (ABACUS.EDI_CLAIMSINV_INVNO_UNIQ) violated

2020-04-08 15:06:34.789  INFO 17755 --- [scheduling-1] com.smart.integ.util.SLFetchHandler      : processing row 4
2020-04-08 15:06:34.789  INFO 17755 --- [scheduling-1] com.smart.integ.util.SLFetchHandler      : Preparing request to ... https://data.smartapplicationsgroup.com/api/abacus_dev/edi/claim?integ_app_code=JUBILEEECLAIMS&prov_code=SKSP_1618&centralId=318555456
2020-04-08 15:06:35.237  INFO 17755 --- [scheduling-1] com.smart.integ.util.SLFetchHandler      : Response successful=false, status_msg=ORA-00001: unique constraint (ABACUS.EDI_CLAIMSINV_INVNO_UNIQ) violated

2020-04-08 15:06:35.238  INFO 17755 --- [scheduling-1] com.smart.integ.util.SLFetchHandler      : processing row 5
2020-04-08 15:06:35.241  INFO 17755 --- [scheduling-1] com.smart.integ.util.SLFetchHandler      : Preparing request to ... https://data.smartapplicationsgroup.com/api/abacus_dev/edi/claim?integ_app_code=JUBILEEECLAIMS&prov_code=SKSP_505&centralId=318555469
2020-04-08 15:06:35.792  INFO 17755 --- [scheduling-1] com.smart.integ.util.SLFetchHandler      : Response successful=false, status_msg=ORA-00001: unique constraint (ABACUS.EDI_CLAIMSINV_INVNO_UNIQ) violated

2020-04-08 15:06:35.792  INFO 17755 --- [scheduling-1] com.smart.integ.util.SLFetchHandler      : processing row 6
2020-04-08 15:06:35.792  INFO 17755 --- [scheduling-1] com.smart.integ.util.SLFetchHandler      : Preparing request to ... https://data.smartapplicationsgroup.com/api/abacus_dev/edi/claim?integ_app_code=JUBILEEECLAIMS&prov_code=SKSP_201&centralId=318555490
2020-04-08 15:06:36.212  INFO 17755 --- [scheduling-1] com.smart.integ.util.SLFetchHandler      : Response successful=false, status_msg=ORA-00001: unique constraint (ABACUS.EDI_CLAIMSINV_INVNO_UNIQ) violated

2020-04-08 15:06:36.216  INFO 17755 --- [scheduling-1] com.smart.integ.util.SLFetchHandler      : processing row 7
2020-04-08 15:06:36.217  INFO 17755 --- [scheduling-1] com.smart.integ.util.SLFetchHandler      : Preparing request to ... https://data.smartapplicationsgroup.com/api/abacus_dev/edi/claim?integ_app_code=JUBILEEECLAIMS&prov_code=SKSP_505&centralId=318555492
2020-04-08 15:06:36.675  INFO 17755 --- [scheduling-1] com.smart.integ.util.SLFetchHandler      : Response successful=false, status_msg=ORA-00001: unique constraint (ABACUS.EDI_CLAIMSINV_INVNO_UNIQ) violated

2020-04-08 15:06:36.676  INFO 17755 --- [scheduling-1] com.smart.integ.util.SLFetchHandler      : processing row 8
2020-04-08 15:06:36.679  INFO 17755 --- [scheduling-1] com.smart.integ.util.SLFetchHandler      : Preparing request to ... https://data.smartapplicationsgroup.com/api/abacus_dev/edi/claim?integ_app_code=JUBILEEECLAIMS&prov_code=SKSP_505&centralId=318555496
2020-04-08 15:06:37.148  INFO 17755 --- [scheduling-1] com.smart.integ.util.SLFetchHandler      : Response successful=false, status_msg=ORA-00001: unique constraint (ABACUS.EDI_CLAIMSINV_INVNO_UNIQ) violated

2020-04-08 15:06:37.149  INFO 17755 --- [scheduling-1] com.smart.integ.util.SLFetchHandler      : processing row 9
2020-04-08 15:06:37.149  INFO 17755 --- [scheduling-1] com.smart.integ.util.SLFetchHandler      : Preparing request to ... https://data.smartapplicationsgroup.com/api/abacus_dev/edi/claim?integ_app_code=JUBILEEECLAIMS&prov_code=SKSP_1848&centralId=318555580
2020-04-08 15:06:37.746  INFO 17755 --- [scheduling-1] com.smart.integ.util.SLFetchHandler      : Response successful=false, status_msg=ORA-00001: unique constraint (ABACUS.EDI_CLAIMSINV_INVNO_UNIQ) violated

2020-04-08 15:06:37.746  INFO 17755 --- [scheduling-1] com.smart.integ.util.SLFetchHandler      : processing row 10
2020-04-08 15:06:37.747  INFO 17755 --- [scheduling-1] com.smart.integ.util.SLFetchHandler      : Preparing request to ... https://data.smartapplicationsgroup.com/api/abacus_dev/edi/claim?integ_app_code=JUBILEEECLAIMS&prov_code=SKSP_505&centralId=318555720
2020-04-08 15:06:38.288  INFO 17755 --- [scheduling-1] com.smart.integ.util.SLFetchHandler      : Response successful=false, status_msg=ORA-00001: unique constraint (ABACUS.EDI_CLAIMSINV_INVNO_UNIQ) violated

2020-04-08 15:06:38.464  INFO 17755 --- [scheduling-1] com.smart.integ.service.ClaimService     : TASK COMPLETED: SUCCEEDED = 0, FAILED = 10
2020-04-08 15:06:38.616  INFO 17755 --- [scheduling-1] com.smart.integ.service.ClaimService     : 0. Logging failed: central_id = 318555171
2020-04-08 15:06:38.617  INFO 17755 --- [scheduling-1] com.smart.integ.service.ClaimService     : 1. Logging failed: central_id = 318555320
2020-04-08 15:06:38.617  INFO 17755 --- [scheduling-1] com.smart.integ.service.ClaimService     : 2. Logging failed: central_id = 318555323
2020-04-08 15:06:38.617  INFO 17755 --- [scheduling-1] com.smart.integ.service.ClaimService     : 3. Logging failed: central_id = 318555456
2020-04-08 15:06:38.617  INFO 17755 --- [scheduling-1] com.smart.integ.service.ClaimService     : 4. Logging failed: central_id = 318555469
2020-04-08 15:06:38.617  INFO 17755 --- [scheduling-1] com.smart.integ.service.ClaimService     : 5. Logging failed: central_id = 318555490
2020-04-08 15:06:38.617  INFO 17755 --- [scheduling-1] com.smart.integ.service.ClaimService     : 6. Logging failed: central_id = 318555492
2020-04-08 15:06:38.617  INFO 17755 --- [scheduling-1] com.smart.integ.service.ClaimService     : 7. Logging failed: central_id = 318555496
2020-04-08 15:06:38.618  INFO 17755 --- [scheduling-1] com.smart.integ.service.ClaimService     : 8. Logging failed: central_id = 318555580
2020-04-08 15:06:38.618  INFO 17755 --- [scheduling-1] com.smart.integ.service.ClaimService     : 9. Logging failed: central_id = 318555720
2020-04-08 15:06:57.546  INFO 17755 --- [SpringContextShutdownHook] o.s.c.n.e.s.EurekaServiceRegistry        : Unregistering application JUBILEE-MICROSERVICE with eureka with status DOWN
2020-04-08 15:06:57.548  WARN 17755 --- [SpringContextShutdownHook] com.netflix.discovery.DiscoveryClient    : Saw local status change event StatusChangeEvent [timestamp=1586347617548, current=DOWN, previous=UP]
2020-04-08 15:06:57.551  INFO 17755 --- [DiscoveryClient-InstanceInfoReplicator-0] com.netflix.discovery.DiscoveryClient    : DiscoveryClient_JUBILEE-MICROSERVICE/10.0.2.15:jubilee-microservice:8090: registering service...
2020-04-08 15:06:57.568  INFO 17755 --- [SpringContextShutdownHook] o.s.s.c.ThreadPoolTaskScheduler          : Shutting down ExecutorService 'taskScheduler'
2020-04-08 15:06:57.570  INFO 17755 --- [SpringContextShutdownHook] o.s.s.concurrent.ThreadPoolTaskExecutor  : Shutting down ExecutorService 'applicationTaskExecutor'
2020-04-08 15:06:57.586  INFO 17755 --- [SpringContextShutdownHook] j.LocalContainerEntityManagerFactoryBean : Closing JPA EntityManagerFactory for persistence unit 'abacus'
2020-04-08 15:06:57.592  INFO 17755 --- [SpringContextShutdownHook] j.LocalContainerEntityManagerFactoryBean : Closing JPA EntityManagerFactory for persistence unit 'integ'
2020-04-08 15:06:57.601  INFO 17755 --- [SpringContextShutdownHook] com.zaxxer.hikari.HikariDataSource       : HikariPool-2 - Shutdown initiated...
2020-04-08 15:06:57.755  INFO 17755 --- [DiscoveryClient-InstanceInfoReplicator-0] com.netflix.discovery.DiscoveryClient    : DiscoveryClient_JUBILEE-MICROSERVICE/10.0.2.15:jubilee-microservice:8090 - registration status: 204
2020-04-08 15:06:59.325  INFO 17755 --- [SpringContextShutdownHook] com.zaxxer.hikari.HikariDataSource       : HikariPool-2 - Shutdown completed.
2020-04-08 15:06:59.326  INFO 17755 --- [SpringContextShutdownHook] com.zaxxer.hikari.HikariDataSource       : HikariPool-1 - Shutdown initiated...
2020-04-08 15:07:00.927  INFO 17755 --- [SpringContextShutdownHook] com.zaxxer.hikari.HikariDataSource       : HikariPool-1 - Shutdown completed.
2020-04-08 15:07:00.935  INFO 17755 --- [SpringContextShutdownHook] com.netflix.discovery.DiscoveryClient    : Shutting down DiscoveryClient ...
2020-04-08 15:07:03.937  INFO 17755 --- [SpringContextShutdownHook] com.netflix.discovery.DiscoveryClient    : Unregistering ...
2020-04-08 15:07:04.059  INFO 17755 --- [SpringContextShutdownHook] com.netflix.discovery.DiscoveryClient    : DiscoveryClient_JUBILEE-MICROSERVICE/10.0.2.15:jubilee-microservice:8090 - deregister  status: 200
2020-04-08 15:07:04.078  INFO 17755 --- [SpringContextShutdownHook] com.netflix.discovery.DiscoveryClient    : Completed shut down of DiscoveryClient
2020-04-08 15:08:17.182  INFO 17994 --- [main] c.c.c.ConfigServicePropertySourceLocator : Fetching config from server at : http://192.180.4.103:8888
2020-04-08 15:08:18.100  INFO 17994 --- [main] c.c.c.ConfigServicePropertySourceLocator : Located environment: name=jubilee-microservice, profiles=[default], label=null, version=c7066ba9d26ddbf909f51c3e7b4d9423dedbed70, state=null
2020-04-08 15:08:18.102  INFO 17994 --- [main] b.c.PropertySourceBootstrapConfiguration : Located property source: [BootstrapPropertySource {name='bootstrapProperties-configClient'}, BootstrapPropertySource {name='bootstrapProperties-http://@192.180.3.23/microservices/microservice-configs.git/jubilee-microservice.properties'}]
2020-04-08 15:08:18.251  INFO 17994 --- [main] com.smart.integ.Application              : The following profiles are active: default
2020-04-08 15:08:19.313  INFO 17994 --- [main] .s.d.r.c.RepositoryConfigurationDelegate : Bootstrapping Spring Data JPA repositories in DEFAULT mode.
2020-04-08 15:08:19.343  INFO 17994 --- [main] .s.d.r.c.RepositoryConfigurationDelegate : Finished Spring Data repository scanning in 15ms. Found 0 JPA repository interfaces.
2020-04-08 15:08:19.349  INFO 17994 --- [main] .s.d.r.c.RepositoryConfigurationDelegate : Bootstrapping Spring Data JPA repositories in DEFAULT mode.
2020-04-08 15:08:19.352  INFO 17994 --- [main] .s.d.r.c.RepositoryConfigurationDelegate : Finished Spring Data repository scanning in 1ms. Found 0 JPA repository interfaces.
2020-04-08 15:08:20.147  WARN 17994 --- [main] o.s.boot.actuate.endpoint.EndpointId     : Endpoint ID 'service-registry' contains invalid characters, please migrate to a valid format.
2020-04-08 15:08:20.416  INFO 17994 --- [main] o.s.cloud.context.scope.GenericScope     : BeanFactory id=e5a5b779-620e-3d76-9d40-96c36227fdc3
2020-04-08 15:08:20.885  INFO 17994 --- [main] trationDelegate$BeanPostProcessorChecker : Bean 'org.springframework.transaction.annotation.ProxyTransactionManagementConfiguration' of type [org.springframework.transaction.annotation.ProxyTransactionManagementConfiguration] is not eligible for getting processed by all BeanPostProcessors (for example: not eligible for auto-proxying)
2020-04-08 15:08:21.542  INFO 17994 --- [main] o.s.b.w.embedded.tomcat.TomcatWebServer  : Tomcat initialized with port(s): 8090 (http)
2020-04-08 15:08:21.556  INFO 17994 --- [main] o.apache.catalina.core.StandardService   : Starting service [Tomcat]
2020-04-08 15:08:21.557  INFO 17994 --- [main] org.apache.catalina.core.StandardEngine  : Starting Servlet engine: [Apache Tomcat/9.0.29]
2020-04-08 15:08:21.645  INFO 17994 --- [main] o.a.c.c.C.[Tomcat].[localhost].[/]       : Initializing Spring embedded WebApplicationContext
2020-04-08 15:08:21.646  INFO 17994 --- [main] o.s.web.context.ContextLoader            : Root WebApplicationContext: initialization completed in 3361 ms
2020-04-08 15:08:21.821  WARN 17994 --- [main] c.n.c.sources.URLConfigurationSource     : No URLs will be polled as dynamic configuration sources.
2020-04-08 15:08:21.821  INFO 17994 --- [main] c.n.c.sources.URLConfigurationSource     : To enable URLs as dynamic configuration sources, define System property archaius.configurationSource.additionalUrls or make config.properties available on classpath.
2020-04-08 15:08:21.843  INFO 17994 --- [main] c.netflix.config.DynamicPropertyFactory  : DynamicPropertyFactory is initialized with configuration sources: com.netflix.config.ConcurrentCompositeConfiguration@47c81abf
2020-04-08 15:08:22.784  INFO 17994 --- [main] o.hibernate.jpa.internal.util.LogHelper  : HHH000204: Processing PersistenceUnitInfo [name: integ]
2020-04-08 15:08:22.958  INFO 17994 --- [main] org.hibernate.Version                    : HHH000412: Hibernate Core {5.4.9.Final}
2020-04-08 15:08:23.203  INFO 17994 --- [main] o.hibernate.annotations.common.Version   : HCANN000001: Hibernate Commons Annotations {5.1.0.Final}
2020-04-08 15:08:23.556  INFO 17994 --- [main] com.zaxxer.hikari.HikariDataSource       : HikariPool-1 - Starting...
2020-04-08 15:08:23.566  WARN 17994 --- [main] com.zaxxer.hikari.util.DriverDataSource  : Registered driver with driverClassName=oracle.jdbc.driver.OracleDriver was not found, trying direct instantiation.
2020-04-08 15:08:24.939  INFO 17994 --- [main] com.zaxxer.hikari.pool.PoolBase          : HikariPool-1 - Driver does not support get/set network timeout for connections. (oracle.jdbc.driver.T4CConnection.getNetworkTimeout()I)
2020-04-08 15:08:24.986  INFO 17994 --- [main] com.zaxxer.hikari.HikariDataSource       : HikariPool-1 - Start completed.
2020-04-08 15:08:25.018  INFO 17994 --- [main] org.hibernate.dialect.Dialect            : HHH000400: Using dialect: org.hibernate.dialect.Oracle10gDialect
2020-04-08 15:08:33.892  INFO 17994 --- [main] o.h.e.t.j.p.i.JtaPlatformInitiator       : HHH000490: Using JtaPlatform implementation: [org.hibernate.engine.transaction.jta.platform.internal.NoJtaPlatform]
2020-04-08 15:08:33.905  INFO 17994 --- [main] j.LocalContainerEntityManagerFactoryBean : Initialized JPA EntityManagerFactory for persistence unit 'integ'
2020-04-08 15:08:33.919  INFO 17994 --- [main] o.hibernate.jpa.internal.util.LogHelper  : HHH000204: Processing PersistenceUnitInfo [name: abacus]
2020-04-08 15:08:34.087  INFO 17994 --- [main] com.zaxxer.hikari.HikariDataSource       : HikariPool-2 - Starting...
2020-04-08 15:08:34.090  WARN 17994 --- [main] com.zaxxer.hikari.util.DriverDataSource  : Registered driver with driverClassName=oracle.jdbc.driver.OracleDriver was not found, trying direct instantiation.
2020-04-08 15:08:35.260  INFO 17994 --- [main] com.zaxxer.hikari.pool.PoolBase          : HikariPool-2 - Driver does not support get/set network timeout for connections. (oracle.jdbc.driver.T4CConnection.getNetworkTimeout()I)
2020-04-08 15:08:35.390  INFO 17994 --- [main] com.zaxxer.hikari.HikariDataSource       : HikariPool-2 - Start completed.
2020-04-08 15:08:35.391  INFO 17994 --- [main] org.hibernate.dialect.Dialect            : HHH000400: Using dialect: org.hibernate.dialect.Oracle10gDialect
2020-04-08 15:08:47.169  INFO 17994 --- [main] o.h.e.t.j.p.i.JtaPlatformInitiator       : HHH000490: Using JtaPlatform implementation: [org.hibernate.engine.transaction.jta.platform.internal.NoJtaPlatform]
2020-04-08 15:08:47.177  INFO 17994 --- [main] j.LocalContainerEntityManagerFactoryBean : Initialized JPA EntityManagerFactory for persistence unit 'abacus'
2020-04-08 15:08:47.363  WARN 17994 --- [main] c.n.c.sources.URLConfigurationSource     : No URLs will be polled as dynamic configuration sources.
2020-04-08 15:08:47.365  INFO 17994 --- [main] c.n.c.sources.URLConfigurationSource     : To enable URLs as dynamic configuration sources, define System property archaius.configurationSource.additionalUrls or make config.properties available on classpath.
2020-04-08 15:08:47.480  WARN 17994 --- [main] JpaBaseConfiguration$JpaWebConfiguration : spring.jpa.open-in-view is enabled by default. Therefore, database queries may be performed during view rendering. Explicitly configure spring.jpa.open-in-view to disable this warning
2020-04-08 15:08:47.964  INFO 17994 --- [main] o.s.s.concurrent.ThreadPoolTaskExecutor  : Initializing ExecutorService 'applicationTaskExecutor'
2020-04-08 15:08:48.357  INFO 17994 --- [main] o.s.s.c.ThreadPoolTaskScheduler          : Initializing ExecutorService 'taskScheduler'
2020-04-08 15:08:48.515  WARN 17994 --- [main] iguration$LoadBalancerCaffeineWarnLogger : Spring Cloud LoadBalancer is currently working with default default cache. You can switch to using Caffeine cache, by adding it to the classpath.
2020-04-08 15:08:48.545  INFO 17994 --- [main] o.s.b.a.e.web.EndpointLinksResolver      : Exposing 19 endpoint(s) beneath base path '/actuator'
2020-04-08 15:08:48.630  INFO 17994 --- [main] o.s.c.n.eureka.InstanceInfoFactory       : Setting initial instance status as: STARTING
2020-04-08 15:08:48.710  INFO 17994 --- [main] com.netflix.discovery.DiscoveryClient    : Initializing Eureka in region us-east-1
2020-04-08 15:08:48.966  INFO 17994 --- [main] c.n.d.provider.DiscoveryJerseyProvider   : Using JSON encoding codec LegacyJacksonJson
2020-04-08 15:08:48.966  INFO 17994 --- [main] c.n.d.provider.DiscoveryJerseyProvider   : Using JSON decoding codec LegacyJacksonJson
2020-04-08 15:08:49.156  INFO 17994 --- [main] c.n.d.provider.DiscoveryJerseyProvider   : Using XML encoding codec XStreamXml
2020-04-08 15:08:49.157  INFO 17994 --- [main] c.n.d.provider.DiscoveryJerseyProvider   : Using XML decoding codec XStreamXml
2020-04-08 15:08:49.442  INFO 17994 --- [main] c.n.d.s.r.aws.ConfigClusterResolver      : Resolving eureka endpoints via configuration
2020-04-08 15:08:49.465  INFO 17994 --- [main] com.netflix.discovery.DiscoveryClient    : Disable delta property : false
2020-04-08 15:08:49.466  INFO 17994 --- [main] com.netflix.discovery.DiscoveryClient    : Single vip registry refresh property : null
2020-04-08 15:08:49.466  INFO 17994 --- [main] com.netflix.discovery.DiscoveryClient    : Force full registry fetch : false
2020-04-08 15:08:49.466  INFO 17994 --- [main] com.netflix.discovery.DiscoveryClient    : Application is null : false
2020-04-08 15:08:49.466  INFO 17994 --- [main] com.netflix.discovery.DiscoveryClient    : Registered Applications size is zero : true
2020-04-08 15:08:49.466  INFO 17994 --- [main] com.netflix.discovery.DiscoveryClient    : Application version is -1: true
2020-04-08 15:08:49.466  INFO 17994 --- [main] com.netflix.discovery.DiscoveryClient    : Getting all instance registry info from the eureka server
2020-04-08 15:08:49.763  INFO 17994 --- [main] com.netflix.discovery.DiscoveryClient    : The response status is 200
2020-04-08 15:08:49.768  INFO 17994 --- [main] com.netflix.discovery.DiscoveryClient    : Starting heartbeat executor: renew interval is: 30
2020-04-08 15:08:49.774  INFO 17994 --- [main] c.n.discovery.InstanceInfoReplicator     : InstanceInfoReplicator onDemand update allowed rate per min is 4
2020-04-08 15:08:49.781  INFO 17994 --- [main] com.netflix.discovery.DiscoveryClient    : Discovery Client initialized at timestamp 1586347729780 with initial instances count: 8
2020-04-08 15:08:49.785  INFO 17994 --- [main] o.s.c.n.e.s.EurekaServiceRegistry        : Registering application JUBILEE-MICROSERVICE with eureka with status UP
2020-04-08 15:08:49.786  INFO 17994 --- [main] com.netflix.discovery.DiscoveryClient    : Saw local status change event StatusChangeEvent [timestamp=1586347729786, current=UP, previous=STARTING]
2020-04-08 15:08:49.808  INFO 17994 --- [DiscoveryClient-InstanceInfoReplicator-0] com.netflix.discovery.DiscoveryClient    : DiscoveryClient_JUBILEE-MICROSERVICE/10.0.2.15:jubilee-microservice:8090: registering service...
2020-04-08 15:08:49.905  INFO 17994 --- [scheduling-1] com.smart.integ.daemon.SLClaims          : Getting Smartlink Claims. STUB
2020-04-08 15:08:49.905  INFO 17994 --- [scheduling-1] com.smart.integ.daemon.SLClaims          : claimSql = SELECT a.central_id, a.ip_address, a.edi_data FROM stg_slink_claims a INNER JOIN fin_client_details cl2 ON a.patient_medicalaid_code=cl2.smart_code INNER JOIN fin_providers pr ON a.ip_address=pr.provider_key INNER JOIN fin_providers pr2 ON pr.parent_provider=pr2.provider_key INNER JOIN fin_client_details cl ON pr2.prov_id=cl.prov_id and (cl.is_edi=0 or (cl.is_edi=1 and cl.is_edi_backend=0)) WHERE INSERT_DATE >= cl2.edi_start_date AND a.is_edi=0 AND a.edi_data is not null and a.patient_medicalaid_code IN ('JIC') ORDER BY a.central_id ASC  FETCH FIRST 10 ROWS ONLY 
2020-04-08 15:08:49.982  INFO 17994 --- [main] o.s.b.w.embedded.tomcat.TomcatWebServer  : Tomcat started on port(s): 8090 (http) with context path ''
2020-04-08 15:08:49.985  INFO 17994 --- [main] .s.c.n.e.s.EurekaAutoServiceRegistration : Updating port to 8090
2020-04-08 15:08:49.999  INFO 17994 --- [DiscoveryClient-InstanceInfoReplicator-0] com.netflix.discovery.DiscoveryClient    : DiscoveryClient_JUBILEE-MICROSERVICE/10.0.2.15:jubilee-microservice:8090 - registration status: 204
2020-04-08 15:08:50.032  INFO 17994 --- [main] com.smart.integ.Application              : Started Application in 34.416 seconds (JVM running for 35.19)
2020-04-08 15:09:13.003  INFO 17994 --- [scheduling-1] com.smart.integ.util.SLFetchHandler      : processing row 1
2020-04-08 15:09:13.010  INFO 17994 --- [scheduling-1] com.smart.integ.util.SLFetchHandler      : Preparing request to ... https://data.smartapplicationsgroup.com/api/abacus_dev/edi/claim?integ_app_code=JUBILEEECLAIMS&prov_code=SKSP_505&centralId=318555732
2020-04-08 15:09:14.709  INFO 17994 --- [scheduling-1] com.smart.integ.util.SLFetchHandler      : Response successful=true, status_msg=
2020-04-08 15:09:14.709  INFO 17994 --- [scheduling-1] com.smart.integ.util.SLFetchHandler      : processing row 2
2020-04-08 15:09:14.709  INFO 17994 --- [scheduling-1] com.smart.integ.util.SLFetchHandler      : Preparing request to ... https://data.smartapplicationsgroup.com/api/abacus_dev/edi/claim?integ_app_code=JUBILEEECLAIMS&prov_code=SKSP_1618&centralId=318555737
2020-04-08 15:09:15.351  INFO 17994 --- [scheduling-1] com.smart.integ.util.SLFetchHandler      : Response successful=true, status_msg=
2020-04-08 15:09:15.351  INFO 17994 --- [scheduling-1] com.smart.integ.util.SLFetchHandler      : processing row 3
2020-04-08 15:09:15.351  INFO 17994 --- [scheduling-1] com.smart.integ.util.SLFetchHandler      : Preparing request to ... https://data.smartapplicationsgroup.com/api/abacus_dev/edi/claim?integ_app_code=JUBILEEECLAIMS&prov_code=SKSP_1618&centralId=318555743
2020-04-08 15:09:15.922  INFO 17994 --- [scheduling-1] com.smart.integ.util.SLFetchHandler      : Response successful=true, status_msg=
2020-04-08 15:09:15.922  INFO 17994 --- [scheduling-1] com.smart.integ.util.SLFetchHandler      : processing row 4
2020-04-08 15:09:15.922  INFO 17994 --- [scheduling-1] com.smart.integ.util.SLFetchHandler      : Preparing request to ... https://data.smartapplicationsgroup.com/api/abacus_dev/edi/claim?integ_app_code=JUBILEEECLAIMS&prov_code=SKSP_1318&centralId=318555753
2020-04-08 15:09:16.375  INFO 17994 --- [scheduling-1] com.smart.integ.util.SLFetchHandler      : Response successful=true, status_msg=
2020-04-08 15:09:16.376  INFO 17994 --- [scheduling-1] com.smart.integ.util.SLFetchHandler      : processing row 5
2020-04-08 15:09:16.376  INFO 17994 --- [scheduling-1] com.smart.integ.util.SLFetchHandler      : Preparing request to ... https://data.smartapplicationsgroup.com/api/abacus_dev/edi/claim?integ_app_code=JUBILEEECLAIMS&prov_code=SKSP_446&centralId=318555789
2020-04-08 15:09:17.083  INFO 17994 --- [scheduling-1] com.smart.integ.util.SLFetchHandler      : Response successful=true, status_msg=
2020-04-08 15:09:17.083  INFO 17994 --- [scheduling-1] com.smart.integ.util.SLFetchHandler      : processing row 6
2020-04-08 15:09:17.084  INFO 17994 --- [scheduling-1] com.smart.integ.util.SLFetchHandler      : Preparing request to ... https://data.smartapplicationsgroup.com/api/abacus_dev/edi/claim?integ_app_code=JUBILEEECLAIMS&prov_code=SKSP_64&centralId=318555810
2020-04-08 15:09:17.647  INFO 17994 --- [scheduling-1] com.smart.integ.util.SLFetchHandler      : Response successful=true, status_msg=
2020-04-08 15:09:17.647  INFO 17994 --- [scheduling-1] com.smart.integ.util.SLFetchHandler      : processing row 7
2020-04-08 15:09:17.648  INFO 17994 --- [scheduling-1] com.smart.integ.util.SLFetchHandler      : Preparing request to ... https://data.smartapplicationsgroup.com/api/abacus_dev/edi/claim?integ_app_code=JUBILEEECLAIMS&prov_code=SKSP_1618&centralId=318556060
2020-04-08 15:09:18.125  INFO 17994 --- [scheduling-1] com.smart.integ.util.SLFetchHandler      : Response successful=true, status_msg=
2020-04-08 15:09:18.125  INFO 17994 --- [scheduling-1] com.smart.integ.util.SLFetchHandler      : processing row 8
2020-04-08 15:09:18.126  INFO 17994 --- [scheduling-1] com.smart.integ.util.SLFetchHandler      : Preparing request to ... https://data.smartapplicationsgroup.com/api/abacus_dev/edi/claim?integ_app_code=JUBILEEECLAIMS&prov_code=SKSP_1318&centralId=318556077
2020-04-08 15:09:18.569  INFO 17994 --- [scheduling-1] com.smart.integ.util.SLFetchHandler      : Response successful=true, status_msg=
2020-04-08 15:09:18.569  INFO 17994 --- [scheduling-1] com.smart.integ.util.SLFetchHandler      : processing row 9
2020-04-08 15:09:18.569  INFO 17994 --- [scheduling-1] com.smart.integ.util.SLFetchHandler      : Preparing request to ... https://data.smartapplicationsgroup.com/api/abacus_dev/edi/claim?integ_app_code=JUBILEEECLAIMS&prov_code=SKSP_201&centralId=318556276
2020-04-08 15:09:19.021  INFO 17994 --- [scheduling-1] com.smart.integ.util.SLFetchHandler      : Response successful=true, status_msg=
2020-04-08 15:09:19.022  INFO 17994 --- [scheduling-1] com.smart.integ.util.SLFetchHandler      : processing row 10
2020-04-08 15:09:19.022  INFO 17994 --- [scheduling-1] com.smart.integ.util.SLFetchHandler      : Preparing request to ... https://data.smartapplicationsgroup.com/api/abacus_dev/edi/claim?integ_app_code=JUBILEEECLAIMS&prov_code=SKSP_505&centralId=318556291
2020-04-08 15:09:19.401  INFO 17994 --- [scheduling-1] com.smart.integ.util.SLFetchHandler      : Response successful=true, status_msg=
2020-04-08 15:09:19.631  INFO 17994 --- [scheduling-1] com.smart.integ.service.ClaimService     : TASK COMPLETED: SUCCEEDED = 10, FAILED = 0
2020-04-08 15:09:19.721  INFO 17994 --- [scheduling-1] com.smart.integ.service.ClaimService     : 0. Logging Success: central_id = 318555732
2020-04-08 15:09:19.725  INFO 17994 --- [scheduling-1] com.smart.integ.service.ClaimService     : 1. Logging Success: central_id = 318555737
2020-04-08 15:09:19.725  INFO 17994 --- [scheduling-1] com.smart.integ.service.ClaimService     : 2. Logging Success: central_id = 318555743
2020-04-08 15:09:19.725  INFO 17994 --- [scheduling-1] com.smart.integ.service.ClaimService     : 3. Logging Success: central_id = 318555753
2020-04-08 15:09:19.725  INFO 17994 --- [scheduling-1] com.smart.integ.service.ClaimService     : 4. Logging Success: central_id = 318555789
2020-04-08 15:09:19.726  INFO 17994 --- [scheduling-1] com.smart.integ.service.ClaimService     : 5. Logging Success: central_id = 318555810
2020-04-08 15:09:19.726  INFO 17994 --- [scheduling-1] com.smart.integ.service.ClaimService     : 6. Logging Success: central_id = 318556060
2020-04-08 15:09:19.726  INFO 17994 --- [scheduling-1] com.smart.integ.service.ClaimService     : 7. Logging Success: central_id = 318556077
2020-04-08 15:09:19.726  INFO 17994 --- [scheduling-1] com.smart.integ.service.ClaimService     : 8. Logging Success: central_id = 318556276
2020-04-08 15:09:19.726  INFO 17994 --- [scheduling-1] com.smart.integ.service.ClaimService     : 9. Logging Success: central_id = 318556291
2020-04-08 15:09:53.060  INFO 17994 --- [SpringContextShutdownHook] o.s.c.n.e.s.EurekaServiceRegistry        : Unregistering application JUBILEE-MICROSERVICE with eureka with status DOWN
2020-04-08 15:09:53.060  WARN 17994 --- [SpringContextShutdownHook] com.netflix.discovery.DiscoveryClient    : Saw local status change event StatusChangeEvent [timestamp=1586347793060, current=DOWN, previous=UP]
2020-04-08 15:09:53.060  INFO 17994 --- [DiscoveryClient-InstanceInfoReplicator-0] com.netflix.discovery.DiscoveryClient    : DiscoveryClient_JUBILEE-MICROSERVICE/10.0.2.15:jubilee-microservice:8090: registering service...
2020-04-08 15:09:53.074  INFO 17994 --- [SpringContextShutdownHook] o.s.s.c.ThreadPoolTaskScheduler          : Shutting down ExecutorService 'taskScheduler'
2020-04-08 15:09:53.075  INFO 17994 --- [SpringContextShutdownHook] o.s.s.concurrent.ThreadPoolTaskExecutor  : Shutting down ExecutorService 'applicationTaskExecutor'
2020-04-08 15:09:53.104  INFO 17994 --- [SpringContextShutdownHook] j.LocalContainerEntityManagerFactoryBean : Closing JPA EntityManagerFactory for persistence unit 'abacus'
2020-04-08 15:09:53.105  INFO 17994 --- [SpringContextShutdownHook] j.LocalContainerEntityManagerFactoryBean : Closing JPA EntityManagerFactory for persistence unit 'integ'
2020-04-08 15:09:53.112  INFO 17994 --- [SpringContextShutdownHook] com.zaxxer.hikari.HikariDataSource       : HikariPool-2 - Shutdown initiated...
2020-04-08 15:09:53.199  INFO 17994 --- [DiscoveryClient-InstanceInfoReplicator-0] com.netflix.discovery.DiscoveryClient    : DiscoveryClient_JUBILEE-MICROSERVICE/10.0.2.15:jubilee-microservice:8090 - registration status: 204
2020-04-08 15:09:54.910  INFO 17994 --- [SpringContextShutdownHook] com.zaxxer.hikari.HikariDataSource       : HikariPool-2 - Shutdown completed.
2020-04-08 15:09:54.910  INFO 17994 --- [SpringContextShutdownHook] com.zaxxer.hikari.HikariDataSource       : HikariPool-1 - Shutdown initiated...
2020-04-08 15:10:00.769  INFO 17994 --- [SpringContextShutdownHook] com.zaxxer.hikari.HikariDataSource       : HikariPool-1 - Shutdown completed.
2020-04-08 15:10:00.771  INFO 17994 --- [SpringContextShutdownHook] com.netflix.discovery.DiscoveryClient    : Shutting down DiscoveryClient ...
2020-04-08 15:10:03.772  INFO 17994 --- [SpringContextShutdownHook] com.netflix.discovery.DiscoveryClient    : Unregistering ...
2020-04-08 15:10:03.858  INFO 17994 --- [SpringContextShutdownHook] com.netflix.discovery.DiscoveryClient    : DiscoveryClient_JUBILEE-MICROSERVICE/10.0.2.15:jubilee-microservice:8090 - deregister  status: 200
2020-04-08 15:10:03.878  INFO 17994 --- [SpringContextShutdownHook] com.netflix.discovery.DiscoveryClient    : Completed shut down of DiscoveryClient
2020-04-08 16:32:43.587  INFO 22695 --- [main] c.c.c.ConfigServicePropertySourceLocator : Fetching config from server at : http://192.180.4.103:8888
2020-04-08 16:32:44.846  INFO 22695 --- [main] c.c.c.ConfigServicePropertySourceLocator : Located environment: name=jubilee-microservice, profiles=[default], label=null, version=be5c273201861d5c47445973aca7aec1e71ef807, state=null
2020-04-08 16:32:44.848  INFO 22695 --- [main] b.c.PropertySourceBootstrapConfiguration : Located property source: [BootstrapPropertySource {name='bootstrapProperties-configClient'}, BootstrapPropertySource {name='bootstrapProperties-http://@192.180.3.23/microservices/microservice-configs.git/jubilee-microservice.properties'}]
2020-04-08 16:32:45.120  INFO 22695 --- [main] com.smart.integ.Application              : The following profiles are active: default
2020-04-08 16:32:46.285  INFO 22695 --- [main] .s.d.r.c.RepositoryConfigurationDelegate : Bootstrapping Spring Data JPA repositories in DEFAULT mode.
2020-04-08 16:32:46.313  INFO 22695 --- [main] .s.d.r.c.RepositoryConfigurationDelegate : Finished Spring Data repository scanning in 13ms. Found 0 JPA repository interfaces.
2020-04-08 16:32:46.314  INFO 22695 --- [main] .s.d.r.c.RepositoryConfigurationDelegate : Bootstrapping Spring Data JPA repositories in DEFAULT mode.
2020-04-08 16:32:46.315  INFO 22695 --- [main] .s.d.r.c.RepositoryConfigurationDelegate : Finished Spring Data repository scanning in 1ms. Found 0 JPA repository interfaces.
2020-04-08 16:32:47.116  WARN 22695 --- [main] o.s.boot.actuate.endpoint.EndpointId     : Endpoint ID 'service-registry' contains invalid characters, please migrate to a valid format.
2020-04-08 16:32:47.582  INFO 22695 --- [main] o.s.cloud.context.scope.GenericScope     : BeanFactory id=7a9df1d5-06ca-3dc0-a222-7400f6400f49
2020-04-08 16:32:48.320  INFO 22695 --- [main] trationDelegate$BeanPostProcessorChecker : Bean 'org.springframework.transaction.annotation.ProxyTransactionManagementConfiguration' of type [org.springframework.transaction.annotation.ProxyTransactionManagementConfiguration] is not eligible for getting processed by all BeanPostProcessors (for example: not eligible for auto-proxying)
2020-04-08 16:32:49.255  INFO 22695 --- [main] o.s.b.w.embedded.tomcat.TomcatWebServer  : Tomcat initialized with port(s): 8090 (http)
2020-04-08 16:32:49.301  INFO 22695 --- [main] o.apache.catalina.core.StandardService   : Starting service [Tomcat]
2020-04-08 16:32:49.301  INFO 22695 --- [main] org.apache.catalina.core.StandardEngine  : Starting Servlet engine: [Apache Tomcat/9.0.29]
2020-04-08 16:32:49.479  INFO 22695 --- [main] o.a.c.c.C.[Tomcat].[localhost].[/]       : Initializing Spring embedded WebApplicationContext
2020-04-08 16:32:49.480  INFO 22695 --- [main] o.s.web.context.ContextLoader            : Root WebApplicationContext: initialization completed in 4329 ms
2020-04-08 16:32:49.815  WARN 22695 --- [main] c.n.c.sources.URLConfigurationSource     : No URLs will be polled as dynamic configuration sources.
2020-04-08 16:32:49.816  INFO 22695 --- [main] c.n.c.sources.URLConfigurationSource     : To enable URLs as dynamic configuration sources, define System property archaius.configurationSource.additionalUrls or make config.properties available on classpath.
2020-04-08 16:32:49.862  INFO 22695 --- [main] c.netflix.config.DynamicPropertyFactory  : DynamicPropertyFactory is initialized with configuration sources: com.netflix.config.ConcurrentCompositeConfiguration@2ad48653
2020-04-08 16:32:51.408  INFO 22695 --- [main] o.hibernate.jpa.internal.util.LogHelper  : HHH000204: Processing PersistenceUnitInfo [name: integ]
2020-04-08 16:32:52.048  INFO 22695 --- [main] org.hibernate.Version                    : HHH000412: Hibernate Core {5.4.9.Final}
2020-04-08 16:32:52.917  INFO 22695 --- [main] o.hibernate.annotations.common.Version   : HCANN000001: Hibernate Commons Annotations {5.1.0.Final}
2020-04-08 16:32:54.196  INFO 22695 --- [main] com.zaxxer.hikari.HikariDataSource       : HikariPool-1 - Starting...
2020-04-08 16:32:54.203  WARN 22695 --- [main] com.zaxxer.hikari.util.DriverDataSource  : Registered driver with driverClassName=oracle.jdbc.driver.OracleDriver was not found, trying direct instantiation.
2020-04-08 16:32:55.956  INFO 22695 --- [main] com.zaxxer.hikari.pool.PoolBase          : HikariPool-1 - Driver does not support get/set network timeout for connections. (oracle.jdbc.driver.T4CConnection.getNetworkTimeout()I)
2020-04-08 16:32:56.034  INFO 22695 --- [main] com.zaxxer.hikari.HikariDataSource       : HikariPool-1 - Start completed.
2020-04-08 16:32:56.063  INFO 22695 --- [main] org.hibernate.dialect.Dialect            : HHH000400: Using dialect: org.hibernate.dialect.Oracle10gDialect
2020-04-08 16:33:00.187  INFO 22695 --- [main] o.h.e.t.j.p.i.JtaPlatformInitiator       : HHH000490: Using JtaPlatform implementation: [org.hibernate.engine.transaction.jta.platform.internal.NoJtaPlatform]
2020-04-08 16:33:00.196  INFO 22695 --- [main] j.LocalContainerEntityManagerFactoryBean : Initialized JPA EntityManagerFactory for persistence unit 'integ'
2020-04-08 16:33:00.213  INFO 22695 --- [main] o.hibernate.jpa.internal.util.LogHelper  : HHH000204: Processing PersistenceUnitInfo [name: abacus]
2020-04-08 16:33:00.361  INFO 22695 --- [main] com.zaxxer.hikari.HikariDataSource       : HikariPool-2 - Starting...
2020-04-08 16:33:00.362  WARN 22695 --- [main] com.zaxxer.hikari.util.DriverDataSource  : Registered driver with driverClassName=oracle.jdbc.driver.OracleDriver was not found, trying direct instantiation.
2020-04-08 16:33:00.952  INFO 22695 --- [main] com.zaxxer.hikari.pool.PoolBase          : HikariPool-2 - Driver does not support get/set network timeout for connections. (oracle.jdbc.driver.T4CConnection.getNetworkTimeout()I)
2020-04-08 16:33:01.029  INFO 22695 --- [main] com.zaxxer.hikari.HikariDataSource       : HikariPool-2 - Start completed.
2020-04-08 16:33:01.030  INFO 22695 --- [main] org.hibernate.dialect.Dialect            : HHH000400: Using dialect: org.hibernate.dialect.Oracle10gDialect
2020-04-08 16:33:06.215  INFO 22695 --- [main] o.h.e.t.j.p.i.JtaPlatformInitiator       : HHH000490: Using JtaPlatform implementation: [org.hibernate.engine.transaction.jta.platform.internal.NoJtaPlatform]
2020-04-08 16:33:06.224  INFO 22695 --- [main] j.LocalContainerEntityManagerFactoryBean : Initialized JPA EntityManagerFactory for persistence unit 'abacus'
2020-04-08 16:33:06.414  WARN 22695 --- [main] c.n.c.sources.URLConfigurationSource     : No URLs will be polled as dynamic configuration sources.
2020-04-08 16:33:06.415  INFO 22695 --- [main] c.n.c.sources.URLConfigurationSource     : To enable URLs as dynamic configuration sources, define System property archaius.configurationSource.additionalUrls or make config.properties available on classpath.
2020-04-08 16:33:06.525  WARN 22695 --- [main] JpaBaseConfiguration$JpaWebConfiguration : spring.jpa.open-in-view is enabled by default. Therefore, database queries may be performed during view rendering. Explicitly configure spring.jpa.open-in-view to disable this warning
2020-04-08 16:33:06.982  INFO 22695 --- [main] o.s.s.concurrent.ThreadPoolTaskExecutor  : Initializing ExecutorService 'applicationTaskExecutor'
2020-04-08 16:33:07.502  INFO 22695 --- [main] o.s.s.c.ThreadPoolTaskScheduler          : Initializing ExecutorService 'taskScheduler'
2020-04-08 16:33:07.864  WARN 22695 --- [main] iguration$LoadBalancerCaffeineWarnLogger : Spring Cloud LoadBalancer is currently working with default default cache. You can switch to using Caffeine cache, by adding it to the classpath.
2020-04-08 16:33:07.889  INFO 22695 --- [main] o.s.b.a.e.web.EndpointLinksResolver      : Exposing 19 endpoint(s) beneath base path '/actuator'
2020-04-08 16:33:07.980  INFO 22695 --- [main] o.s.c.n.eureka.InstanceInfoFactory       : Setting initial instance status as: STARTING
2020-04-08 16:33:08.074  INFO 22695 --- [main] com.netflix.discovery.DiscoveryClient    : Initializing Eureka in region us-east-1
2020-04-08 16:33:08.704  INFO 22695 --- [main] c.n.d.provider.DiscoveryJerseyProvider   : Using JSON encoding codec LegacyJacksonJson
2020-04-08 16:33:08.704  INFO 22695 --- [main] c.n.d.provider.DiscoveryJerseyProvider   : Using JSON decoding codec LegacyJacksonJson
2020-04-08 16:33:09.093  INFO 22695 --- [main] c.n.d.provider.DiscoveryJerseyProvider   : Using XML encoding codec XStreamXml
2020-04-08 16:33:09.094  INFO 22695 --- [main] c.n.d.provider.DiscoveryJerseyProvider   : Using XML decoding codec XStreamXml
2020-04-08 16:33:09.471  INFO 22695 --- [main] c.n.d.s.r.aws.ConfigClusterResolver      : Resolving eureka endpoints via configuration
2020-04-08 16:33:09.520  INFO 22695 --- [main] com.netflix.discovery.DiscoveryClient    : Disable delta property : false
2020-04-08 16:33:09.521  INFO 22695 --- [main] com.netflix.discovery.DiscoveryClient    : Single vip registry refresh property : null
2020-04-08 16:33:09.521  INFO 22695 --- [main] com.netflix.discovery.DiscoveryClient    : Force full registry fetch : false
2020-04-08 16:33:09.521  INFO 22695 --- [main] com.netflix.discovery.DiscoveryClient    : Application is null : false
2020-04-08 16:33:09.521  INFO 22695 --- [main] com.netflix.discovery.DiscoveryClient    : Registered Applications size is zero : true
2020-04-08 16:33:09.521  INFO 22695 --- [main] com.netflix.discovery.DiscoveryClient    : Application version is -1: true
2020-04-08 16:33:09.521  INFO 22695 --- [main] com.netflix.discovery.DiscoveryClient    : Getting all instance registry info from the eureka server
2020-04-08 16:33:09.907  INFO 22695 --- [main] com.netflix.discovery.DiscoveryClient    : The response status is 200
2020-04-08 16:33:09.912  INFO 22695 --- [main] com.netflix.discovery.DiscoveryClient    : Starting heartbeat executor: renew interval is: 30
2020-04-08 16:33:09.921  INFO 22695 --- [main] c.n.discovery.InstanceInfoReplicator     : InstanceInfoReplicator onDemand update allowed rate per min is 4
2020-04-08 16:33:09.965  INFO 22695 --- [main] com.netflix.discovery.DiscoveryClient    : Discovery Client initialized at timestamp 1586352789925 with initial instances count: 8
2020-04-08 16:33:09.969  INFO 22695 --- [main] o.s.c.n.e.s.EurekaServiceRegistry        : Registering application JUBILEE-MICROSERVICE with eureka with status UP
2020-04-08 16:33:09.970  INFO 22695 --- [main] com.netflix.discovery.DiscoveryClient    : Saw local status change event StatusChangeEvent [timestamp=1586352789970, current=UP, previous=STARTING]
2020-04-08 16:33:09.981  INFO 22695 --- [DiscoveryClient-InstanceInfoReplicator-0] com.netflix.discovery.DiscoveryClient    : DiscoveryClient_JUBILEE-MICROSERVICE/10.0.2.15:jubilee-microservice:8090: registering service...
2020-04-08 16:33:10.069  INFO 22695 --- [scheduling-1] com.smart.integ.daemon.ActisureJob       : Getting soap from db
2020-04-08 16:33:10.077  INFO 22695 --- [scheduling-1] com.smart.integ.daemon.ActisureJob       : claimSoapSql = SELECT edi_claim_cache_id, claim_code, claim_json, claim_soap FROM INTEG_API.edi_claim_cache WHERE picked = 0 AND claim_soap IS NOT NULL AND claim_soap NOT LIKE '%placeholder%'  ORDER BY edi_claim_cache_id ASC  FETCH NEXT 50 ROWS ONLY
2020-04-08 16:33:10.211  INFO 22695 --- [main] o.s.b.w.embedded.tomcat.TomcatWebServer  : Tomcat started on port(s): 8090 (http) with context path ''
2020-04-08 16:33:10.213  INFO 22695 --- [main] .s.c.n.e.s.EurekaAutoServiceRegistration : Updating port to 8090
2020-04-08 16:33:10.247  INFO 22695 --- [DiscoveryClient-InstanceInfoReplicator-0] com.netflix.discovery.DiscoveryClient    : DiscoveryClient_JUBILEE-MICROSERVICE/10.0.2.15:jubilee-microservice:8090 - registration status: 204
2020-04-08 16:33:10.276  INFO 22695 --- [main] com.smart.integ.Application              : Started Application in 29.547 seconds (JVM running for 32.636)
2020-04-08 16:33:10.497  INFO 22695 --- [scheduling-1] com.smart.integ.service.ClaimService     : TASK COMPLETED: SUCCEEDED = 0, FAILED = 0
2020-04-08 16:33:29.418  INFO 22695 --- [SpringContextShutdownHook] o.s.c.n.e.s.EurekaServiceRegistry        : Unregistering application JUBILEE-MICROSERVICE with eureka with status DOWN
2020-04-08 16:33:29.419  WARN 22695 --- [SpringContextShutdownHook] com.netflix.discovery.DiscoveryClient    : Saw local status change event StatusChangeEvent [timestamp=1586352809419, current=DOWN, previous=UP]
2020-04-08 16:33:29.425  INFO 22695 --- [DiscoveryClient-InstanceInfoReplicator-0] com.netflix.discovery.DiscoveryClient    : DiscoveryClient_JUBILEE-MICROSERVICE/10.0.2.15:jubilee-microservice:8090: registering service...
2020-04-08 16:33:29.457  INFO 22695 --- [SpringContextShutdownHook] o.s.s.c.ThreadPoolTaskScheduler          : Shutting down ExecutorService 'taskScheduler'
2020-04-08 16:33:29.463  INFO 22695 --- [SpringContextShutdownHook] o.s.s.concurrent.ThreadPoolTaskExecutor  : Shutting down ExecutorService 'applicationTaskExecutor'
2020-04-08 16:33:29.467  INFO 22695 --- [SpringContextShutdownHook] j.LocalContainerEntityManagerFactoryBean : Closing JPA EntityManagerFactory for persistence unit 'abacus'
2020-04-08 16:33:29.473  INFO 22695 --- [SpringContextShutdownHook] j.LocalContainerEntityManagerFactoryBean : Closing JPA EntityManagerFactory for persistence unit 'integ'
2020-04-08 16:33:29.482  INFO 22695 --- [SpringContextShutdownHook] com.zaxxer.hikari.HikariDataSource       : HikariPool-2 - Shutdown initiated...
2020-04-08 16:33:29.527  INFO 22695 --- [DiscoveryClient-InstanceInfoReplicator-0] com.netflix.discovery.DiscoveryClient    : DiscoveryClient_JUBILEE-MICROSERVICE/10.0.2.15:jubilee-microservice:8090 - registration status: 204
2020-04-08 16:33:30.263  INFO 22695 --- [SpringContextShutdownHook] com.zaxxer.hikari.HikariDataSource       : HikariPool-2 - Shutdown completed.
2020-04-08 16:33:30.268  INFO 22695 --- [SpringContextShutdownHook] com.zaxxer.hikari.HikariDataSource       : HikariPool-1 - Shutdown initiated...
2020-04-08 16:33:30.950  INFO 22695 --- [SpringContextShutdownHook] com.zaxxer.hikari.HikariDataSource       : HikariPool-1 - Shutdown completed.
2020-04-08 16:33:30.953  INFO 22695 --- [SpringContextShutdownHook] com.netflix.discovery.DiscoveryClient    : Shutting down DiscoveryClient ...
2020-04-08 16:33:33.962  INFO 22695 --- [SpringContextShutdownHook] com.netflix.discovery.DiscoveryClient    : Unregistering ...
2020-04-08 16:33:34.029  INFO 22695 --- [SpringContextShutdownHook] com.netflix.discovery.DiscoveryClient    : DiscoveryClient_JUBILEE-MICROSERVICE/10.0.2.15:jubilee-microservice:8090 - deregister  status: 200
2020-04-08 16:33:34.054  INFO 22695 --- [SpringContextShutdownHook] com.netflix.discovery.DiscoveryClient    : Completed shut down of DiscoveryClient
